I, [2010-07-14T04:57:00.006336 #28760]  INFO -- : Migrating to CreateGames (1)
I, [2010-07-14T04:57:00.006510 #28760]  INFO -- : Migrating to CreateRanks (2)
I, [2010-07-14T04:57:00.006583 #28760]  INFO -- : Migrating to CreateCampaigns (3)
I, [2010-07-14T04:57:00.006650 #28760]  INFO -- : Migrating to CreateFbuser (4)
I, [2010-07-14T04:57:50.359164 #28769]  INFO -- : Migrating to CreateGames (1)
I, [2010-07-14T04:57:50.359271 #28769]  INFO -- : Migrating to CreateRanks (2)
I, [2010-07-14T04:57:50.359311 #28769]  INFO -- : Migrating to CreateCampaigns (3)
I, [2010-07-14T04:57:50.359349 #28769]  INFO -- : Migrating to CreateFbUser (4)
I, [2010-07-14T04:58:18.068222 #28780]  INFO -- : Migrating to CreateGames (1)
I, [2010-07-14T04:58:18.068333 #28780]  INFO -- : Migrating to CreateRanks (2)
I, [2010-07-14T04:58:18.068373 #28780]  INFO -- : Migrating to CreateCampaigns (3)
I, [2010-07-14T04:58:18.068410 #28780]  INFO -- : Migrating to CreateFbUser (4)
I, [2010-07-14T04:59:49.034907 #28797]  INFO -- : Migrating to CreateGames (1)
I, [2010-07-14T04:59:49.035010 #28797]  INFO -- : Migrating to CreateRanks (2)
I, [2010-07-14T04:59:49.035050 #28797]  INFO -- : Migrating to CreateCampaigns (3)
I, [2010-07-14T04:59:49.035088 #28797]  INFO -- : Migrating to CreateFbUsers (4)
I, [2010-07-14T06:32:12.199876 #31358]  INFO -- : Migrating to CreateGames (1)
I, [2010-07-14T06:32:12.199985 #31358]  INFO -- : Migrating to CreateRanks (2)
I, [2010-07-14T06:32:12.200027 #31358]  INFO -- : Migrating to CreateCampaigns (3)
I, [2010-07-14T06:32:12.200064 #31358]  INFO -- : Migrating to CreateFbUsers (4)
I, [2010-07-14T06:32:12.200102 #31358]  INFO -- : Migrating to CreateUserGameProfiles (5)
I, [2010-07-14T06:36:56.335144 #31430]  INFO -- : Migrating to CreateGames (1)
I, [2010-07-14T06:36:56.335265 #31430]  INFO -- : Migrating to CreateRanks (2)
I, [2010-07-14T06:36:56.335306 #31430]  INFO -- : Migrating to CreateCampaigns (3)
I, [2010-07-14T06:36:56.335344 #31430]  INFO -- : Migrating to CreateFbUsers (4)
I, [2010-07-14T06:36:56.335380 #31430]  INFO -- : Migrating to CreateUserGameProfiles (5)
I, [2010-07-14T06:51:57.611884 #31907]  INFO -- : Migrating to CreateGames (1)
I, [2010-07-14T06:51:57.612057 #31907]  INFO -- : Migrating to CreateRanks (2)
I, [2010-07-14T06:51:57.612100 #31907]  INFO -- : Migrating to CreateCampaigns (3)
I, [2010-07-14T06:51:57.612138 #31907]  INFO -- : Migrating to CreateFbUsers (4)
I, [2010-07-14T06:51:57.612176 #31907]  INFO -- : Migrating to CreateUserGameProfiles (5)
I, [2010-07-14T06:52:06.716680 #31911]  INFO -- : Migrating to CreateGames (1)
I, [2010-07-14T06:52:06.716784 #31911]  INFO -- : Migrating to CreateRanks (2)
I, [2010-07-14T06:52:06.716825 #31911]  INFO -- : Migrating to CreateCampaigns (3)
I, [2010-07-14T06:52:06.716862 #31911]  INFO -- : Migrating to CreateFbUsers (4)
I, [2010-07-14T06:52:06.749431 #31911]  INFO -- : Migrating to CreateUserGameProfiles (5)
I, [2010-07-14T06:52:22.106506 #31914]  INFO -- : Migrating to CreateUserGameProfiles (5)
I, [2010-07-14T06:52:26.992156 #31918]  INFO -- : Migrating to CreateFbUsers (4)
I, [2010-07-14T07:12:04.239883 #32421]  INFO -- : Migrating to CreateGames (1)
I, [2010-07-14T07:12:04.239988 #32421]  INFO -- : Migrating to CreateRanks (2)
I, [2010-07-14T07:12:04.240028 #32421]  INFO -- : Migrating to CreateCampaigns (3)
I, [2010-07-14T07:12:04.240066 #32421]  INFO -- : Migrating to CreateFbUsers (4)
I, [2010-07-14T07:12:04.240103 #32421]  INFO -- : Migrating to CreateUserGameProfiles (5)
I, [2010-07-14T07:12:15.166241 #32428]  INFO -- : Migrating to CreateUserGameProfiles (5)
I, [2010-07-14T07:12:18.811227 #32431]  INFO -- : Migrating to CreateFbUsers (4)
I, [2010-07-14T07:12:25.341780 #32440]  INFO -- : Migrating to CreateGames (1)
I, [2010-07-14T07:12:25.341897 #32440]  INFO -- : Migrating to CreateRanks (2)
I, [2010-07-14T07:12:25.341937 #32440]  INFO -- : Migrating to CreateCampaigns (3)
I, [2010-07-14T07:12:25.341974 #32440]  INFO -- : Migrating to CreateFbUsers (4)
I, [2010-07-14T07:12:25.405551 #32440]  INFO -- : Migrating to CreateUserGameProfiles (5)
I, [2010-07-14T07:14:56.345344 #32459]  INFO -- : Migrating to CreateUserGameProfiles (5)
I, [2010-07-14T07:14:56.409352 #32459]  INFO -- : Migrating to CreateFbUsers (4)
I, [2010-07-14T07:14:56.438206 #32459]  INFO -- : Migrating to CreateCampaigns (3)
I, [2010-07-14T07:14:56.487545 #32459]  INFO -- : Migrating to CreateRanks (2)
I, [2010-07-14T07:15:02.134899 #32463]  INFO -- : Migrating to CreateGames (1)
I, [2010-07-14T07:15:02.135008 #32463]  INFO -- : Migrating to CreateRanks (2)
I, [2010-07-14T07:15:02.204050 #32463]  INFO -- : Migrating to CreateCampaigns (3)
I, [2010-07-14T07:15:02.211653 #32463]  INFO -- : Migrating to CreateFbUsers (4)
I, [2010-07-14T07:15:02.269839 #32463]  INFO -- : Migrating to CreateUserGameProfiles (5)
I, [2010-07-14T07:50:16.471511 #1612]  INFO -- : Migrating to CreateGames (1)
I, [2010-07-14T07:50:16.471682 #1612]  INFO -- : Migrating to CreateRanks (2)
I, [2010-07-14T07:50:16.471756 #1612]  INFO -- : Migrating to CreateCampaigns (3)
I, [2010-07-14T07:50:16.471825 #1612]  INFO -- : Migrating to CreateFbUsers (4)
I, [2010-07-14T07:50:16.471892 #1612]  INFO -- : Migrating to CreateUserGameProfiles (5)
I, [2010-07-14T07:50:16.471958 #1612]  INFO -- : Migrating to CreateUserCampaigns (6)
I, [2010-07-14T14:15:09.620249 #10029]  INFO -- : Migrating to CreateUserCampaigns (6)
I, [2010-07-14T14:15:09.787627 #10029]  INFO -- : Migrating to CreateUserGameProfiles (5)
I, [2010-07-14T14:15:10.150029 #10029]  INFO -- : Migrating to CreateFbUsers (4)
I, [2010-07-14T14:15:10.180112 #10029]  INFO -- : Migrating to CreateCampaigns (3)
I, [2010-07-14T14:15:10.192320 #10029]  INFO -- : Migrating to CreateRanks (2)
I, [2010-07-14T14:15:38.857581 #10032]  INFO -- : Migrating to CreateGames (1)
I, [2010-07-14T14:15:38.857703 #10032]  INFO -- : Migrating to CreateRanks (2)
I, [2010-07-14T14:15:38.898290 #10032]  INFO -- : Migrating to CreateCampaigns (3)
I, [2010-07-14T14:15:38.912143 #10032]  INFO -- : Migrating to CreateFbUsers (4)
I, [2010-07-14T14:15:38.937556 #10032]  INFO -- : Migrating to CreateUserGameProfiles (5)
I, [2010-07-14T14:15:38.965539 #10032]  INFO -- : Migrating to CreateUserCampaigns (6)
I, [2010-07-14T14:36:01.523569 #10520]  INFO -- : Migrating to CreateUserCampaigns (6)
I, [2010-07-14T14:36:01.606518 #10520]  INFO -- : Migrating to CreateUserGameProfiles (5)
I, [2010-07-14T14:36:01.625456 #10520]  INFO -- : Migrating to CreateFbUsers (4)
I, [2010-07-14T14:36:01.634949 #10520]  INFO -- : Migrating to CreateCampaigns (3)
I, [2010-07-14T14:36:01.644358 #10520]  INFO -- : Migrating to CreateRanks (2)
I, [2010-07-14T14:36:01.659474 #10520]  INFO -- : Migrating to CreateGames (1)
I, [2010-07-14T14:36:10.281000 #10523]  INFO -- : Migrating to CreateGames (1)
I, [2010-07-14T14:36:10.305107 #10523]  INFO -- : Migrating to CreateRanks (2)
I, [2010-07-14T14:36:10.321840 #10523]  INFO -- : Migrating to CreateCampaigns (3)
I, [2010-07-14T14:36:10.345002 #10523]  INFO -- : Migrating to CreateFbUsers (4)
I, [2010-07-14T14:36:10.352759 #10523]  INFO -- : Migrating to CreateUserGameProfiles (5)
I, [2010-07-14T14:36:10.380719 #10523]  INFO -- : Migrating to CreateUserCampaigns (6)
I, [2010-07-18T06:22:21.688601 #28218]  INFO -- : Migrating to CreateUserCampaigns (6)
I, [2010-07-18T06:22:29.326939 #28221]  INFO -- : Migrating to CreateUserGameProfiles (5)
I, [2010-07-18T06:22:33.698253 #28224]  INFO -- : Migrating to CreateFbUsers (4)
I, [2010-07-18T06:22:43.065413 #28227]  INFO -- : Migrating to CreateGames (1)
I, [2010-07-18T06:22:43.065525 #28227]  INFO -- : Migrating to CreateRanks (2)
I, [2010-07-18T06:22:43.065565 #28227]  INFO -- : Migrating to CreateCampaigns (3)
I, [2010-07-18T06:22:43.065602 #28227]  INFO -- : Migrating to CreateFbUsers (4)
I, [2010-07-18T06:22:43.133101 #28227]  INFO -- : Migrating to CreateUserGameProfiles (5)
I, [2010-07-18T06:22:43.147617 #28227]  INFO -- : Migrating to CreateUserCampaigns (6)
I, [2010-07-18T06:28:57.157812 #28377]  INFO -- : Migrating to CreateUserCampaigns (6)
I, [2010-07-18T06:28:57.231147 #28377]  INFO -- : Migrating to CreateUserGameProfiles (5)
I, [2010-07-18T06:29:01.801006 #28380]  INFO -- : Migrating to CreateFbUsers (4)
I, [2010-07-18T06:29:07.793145 #28383]  INFO -- : Migrating to CreateGames (1)
I, [2010-07-18T06:29:07.793255 #28383]  INFO -- : Migrating to CreateRanks (2)
I, [2010-07-18T06:29:07.793296 #28383]  INFO -- : Migrating to CreateCampaigns (3)
I, [2010-07-18T06:29:07.793333 #28383]  INFO -- : Migrating to CreateFbUsers (4)
I, [2010-07-18T06:29:07.894873 #28383]  INFO -- : Migrating to CreateUserGameProfiles (5)
I, [2010-07-18T06:29:07.938609 #28383]  INFO -- : Migrating to CreateUserCampaigns (6)
I, [2010-07-18T06:29:27.104577 #28395]  INFO -- : Migrating to CreateGames (1)
I, [2010-07-18T06:29:27.104684 #28395]  INFO -- : Migrating to CreateRanks (2)
I, [2010-07-18T06:29:27.104723 #28395]  INFO -- : Migrating to CreateCampaigns (3)
I, [2010-07-18T06:29:27.104761 #28395]  INFO -- : Migrating to CreateFbUsers (4)
I, [2010-07-18T06:29:27.104808 #28395]  INFO -- : Migrating to CreateUserGameProfiles (5)
I, [2010-07-18T06:29:27.104845 #28395]  INFO -- : Migrating to CreateUserCampaigns (6)
I, [2010-07-18T06:32:20.306750 #28583]  INFO -- : Migrating to CreateUserCampaigns (6)
I, [2010-07-18T06:32:20.382457 #28583]  INFO -- : Migrating to CreateUserGameProfiles (5)
I, [2010-07-18T06:32:25.130810 #28586]  INFO -- : Migrating to CreateGames (1)
I, [2010-07-18T06:32:25.130919 #28586]  INFO -- : Migrating to CreateRanks (2)
I, [2010-07-18T06:32:25.130959 #28586]  INFO -- : Migrating to CreateCampaigns (3)
I, [2010-07-18T06:32:25.130997 #28586]  INFO -- : Migrating to CreateFbUsers (4)
I, [2010-07-18T06:32:25.131034 #28586]  INFO -- : Migrating to CreateUserGameProfiles (5)
I, [2010-07-18T06:32:25.173004 #28586]  INFO -- : Migrating to CreateUserCampaigns (6)
I, [2010-07-18T06:32:57.046032 #28600]  INFO -- : Migrating to CreateUserCampaigns (6)
I, [2010-07-18T06:32:57.113511 #28600]  INFO -- : Migrating to CreateUserGameProfiles (5)
I, [2010-07-18T06:33:04.840338 #28603]  INFO -- : Migrating to CreateGames (1)
I, [2010-07-18T06:33:04.840446 #28603]  INFO -- : Migrating to CreateRanks (2)
I, [2010-07-18T06:33:04.840487 #28603]  INFO -- : Migrating to CreateCampaigns (3)
I, [2010-07-18T06:33:04.840524 #28603]  INFO -- : Migrating to CreateFbUsers (4)
I, [2010-07-18T06:33:04.840562 #28603]  INFO -- : Migrating to CreateUserGameProfiles (5)
I, [2010-07-18T06:33:04.877780 #28603]  INFO -- : Migrating to CreateUserCampaigns (6)
I, [2010-07-18T06:33:47.019044 #28621]  INFO -- : Migrating to CreateUserCampaigns (6)
I, [2010-07-18T06:33:47.080592 #28621]  INFO -- : Migrating to CreateUserGameProfiles (5)
I, [2010-07-18T06:33:51.497668 #28624]  INFO -- : Migrating to CreateGames (1)
I, [2010-07-18T06:33:51.497780 #28624]  INFO -- : Migrating to CreateRanks (2)
I, [2010-07-18T06:33:51.497821 #28624]  INFO -- : Migrating to CreateCampaigns (3)
I, [2010-07-18T06:33:51.497858 #28624]  INFO -- : Migrating to CreateFbUsers (4)
I, [2010-07-18T06:33:51.497895 #28624]  INFO -- : Migrating to CreateUserGameProfiles (5)
I, [2010-07-18T06:33:51.538885 #28624]  INFO -- : Migrating to CreateUserCampaigns (6)
I, [2010-07-18T06:33:55.311276 #28627]  INFO -- : Migrating to CreateUserCampaigns (6)
I, [2010-07-18T06:33:55.335998 #28627]  INFO -- : Migrating to CreateUserGameProfiles (5)
I, [2010-07-18T06:33:58.586638 #28630]  INFO -- : Migrating to CreateGames (1)
I, [2010-07-18T06:33:58.586756 #28630]  INFO -- : Migrating to CreateRanks (2)
I, [2010-07-18T06:33:58.586797 #28630]  INFO -- : Migrating to CreateCampaigns (3)
I, [2010-07-18T06:33:58.586834 #28630]  INFO -- : Migrating to CreateFbUsers (4)
I, [2010-07-18T06:33:58.586871 #28630]  INFO -- : Migrating to CreateUserGameProfiles (5)
I, [2010-07-18T06:33:58.803256 #28630]  INFO -- : Migrating to CreateUserCampaigns (6)
I, [2010-07-18T06:40:02.036775 #28765]  INFO -- : Migrating to CreateUserCampaigns (6)
I, [2010-07-18T06:40:02.110394 #28765]  INFO -- : Migrating to CreateUserGameProfiles (5)
I, [2010-07-18T06:40:02.120518 #28765]  INFO -- : Migrating to CreateFbUsers (4)
I, [2010-07-18T06:40:06.913346 #28891]  INFO -- : Migrating to CreateGames (1)
I, [2010-07-18T06:40:06.913461 #28891]  INFO -- : Migrating to CreateRanks (2)
I, [2010-07-18T06:40:06.913503 #28891]  INFO -- : Migrating to CreateCampaigns (3)
I, [2010-07-18T06:40:06.913542 #28891]  INFO -- : Migrating to CreateFbUsers (4)
I, [2010-07-18T06:40:13.136184 #28894]  INFO -- : Migrating to CreateGames (1)
I, [2010-07-18T06:40:13.136308 #28894]  INFO -- : Migrating to CreateRanks (2)
I, [2010-07-18T06:40:13.136349 #28894]  INFO -- : Migrating to CreateCampaigns (3)
I, [2010-07-18T06:40:13.136387 #28894]  INFO -- : Migrating to CreateFbUsers (4)
I, [2010-07-18T06:40:57.591716 #28905]  INFO -- : Migrating to CreateGames (1)
I, [2010-07-18T06:40:57.591819 #28905]  INFO -- : Migrating to CreateRanks (2)
I, [2010-07-18T06:40:57.591859 #28905]  INFO -- : Migrating to CreateCampaigns (3)
I, [2010-07-18T06:40:57.591897 #28905]  INFO -- : Migrating to CreateFbUsers (4)
I, [2010-07-18T06:40:57.671411 #28905]  INFO -- : Migrating to CreateUserGameProfiles (5)
I, [2010-07-18T06:40:57.679744 #28905]  INFO -- : Migrating to CreateUserCampaigns (6)
I, [2010-07-18T06:42:39.651377 #28930]  INFO -- : Migrating to CreateUserCampaigns (6)
I, [2010-07-18T06:42:39.722670 #28930]  INFO -- : Migrating to CreateUserGameProfiles (5)
I, [2010-07-18T06:42:39.736290 #28930]  INFO -- : Migrating to CreateFbUsers (4)
I, [2010-07-18T06:42:44.941341 #28933]  INFO -- : Migrating to CreateGames (1)
I, [2010-07-18T06:42:44.941449 #28933]  INFO -- : Migrating to CreateRanks (2)
I, [2010-07-18T06:42:44.941489 #28933]  INFO -- : Migrating to CreateCampaigns (3)
I, [2010-07-18T06:42:44.941526 #28933]  INFO -- : Migrating to CreateFbUsers (4)
I, [2010-07-18T06:42:45.083035 #28933]  INFO -- : Migrating to CreateUserGameProfiles (5)
I, [2010-07-18T06:42:45.110017 #28933]  INFO -- : Migrating to CreateUserCampaigns (6)
I, [2010-07-18T06:43:26.203421 #28951]  INFO -- : Migrating to CreateUserCampaigns (6)
I, [2010-07-18T06:43:26.357072 #28951]  INFO -- : Migrating to CreateUserGameProfiles (5)
I, [2010-07-18T06:43:26.367842 #28951]  INFO -- : Migrating to CreateFbUsers (4)
I, [2010-07-18T06:43:29.827354 #28954]  INFO -- : Migrating to CreateGames (1)
I, [2010-07-18T06:43:29.827463 #28954]  INFO -- : Migrating to CreateRanks (2)
I, [2010-07-18T06:43:29.827504 #28954]  INFO -- : Migrating to CreateCampaigns (3)
I, [2010-07-18T06:43:29.827542 #28954]  INFO -- : Migrating to CreateFbUsers (4)
I, [2010-07-18T06:43:29.861718 #28954]  INFO -- : Migrating to CreateUserGameProfiles (5)
I, [2010-07-18T06:43:29.869153 #28954]  INFO -- : Migrating to CreateUserCampaigns (6)
I, [2010-07-18T08:02:33.513198 #31477]  INFO -- : Migrating to CreateUserCampaigns (6)
I, [2010-07-18T08:02:33.770866 #31477]  INFO -- : Migrating to CreateUserGameProfiles (5)
I, [2010-07-18T08:02:33.818993 #31477]  INFO -- : Migrating to CreateFbUsers (4)
I, [2010-07-18T08:02:41.429110 #31485]  INFO -- : Migrating to CreateGames (1)
I, [2010-07-18T08:02:41.429221 #31485]  INFO -- : Migrating to CreateRanks (2)
I, [2010-07-18T08:02:41.429262 #31485]  INFO -- : Migrating to CreateCampaigns (3)
I, [2010-07-18T08:02:41.429300 #31485]  INFO -- : Migrating to CreateFbUsers (4)
I, [2010-07-18T08:02:41.502899 #31485]  INFO -- : Migrating to CreateUserGameProfiles (5)
I, [2010-07-18T08:02:41.522382 #31485]  INFO -- : Migrating to CreateUserCampaigns (6)
I, [2010-07-18T08:03:22.143907 #31495]  INFO -- : Migrating to CreateUserCampaigns (6)
I, [2010-07-18T08:03:22.217375 #31495]  INFO -- : Migrating to CreateUserGameProfiles (5)
I, [2010-07-18T08:03:22.227218 #31495]  INFO -- : Migrating to CreateFbUsers (4)
I, [2010-07-18T08:03:31.864648 #31498]  INFO -- : Migrating to CreateGames (1)
I, [2010-07-18T08:03:31.864770 #31498]  INFO -- : Migrating to CreateRanks (2)
I, [2010-07-18T08:03:31.864812 #31498]  INFO -- : Migrating to CreateCampaigns (3)
I, [2010-07-18T08:03:31.864850 #31498]  INFO -- : Migrating to CreateFbUsers (4)
I, [2010-07-18T08:03:32.025191 #31498]  INFO -- : Migrating to CreateUserGameProfiles (5)
I, [2010-07-18T08:03:32.047117 #31498]  INFO -- : Migrating to CreateUserCampaigns (6)
I, [2010-07-18T08:28:47.269290 #32212]  INFO -- : Migrating to CreateUserCampaigns (6)
I, [2010-07-18T08:28:47.326988 #32212]  INFO -- : Migrating to CreateUserGameProfiles (5)
I, [2010-07-18T08:28:47.343729 #32212]  INFO -- : Migrating to CreateFbUsers (4)
I, [2010-07-18T08:28:54.240025 #32218]  INFO -- : Migrating to CreateGames (1)
I, [2010-07-18T08:28:54.240126 #32218]  INFO -- : Migrating to CreateRanks (2)
I, [2010-07-18T08:28:54.240166 #32218]  INFO -- : Migrating to CreateCampaigns (3)
I, [2010-07-18T08:28:54.240202 #32218]  INFO -- : Migrating to CreateFbUsers (4)
I, [2010-07-18T08:28:54.277762 #32218]  INFO -- : Migrating to CreateUserGameProfiles (5)
I, [2010-07-18T08:28:54.286442 #32218]  INFO -- : Migrating to CreateUserCampaigns (6)
I, [2010-07-18T08:33:47.682346 #32415]  INFO -- : Migrating to CreateUserCampaigns (6)
I, [2010-07-18T08:33:47.701963 #32415]  INFO -- : Migrating to CreateUserGameProfiles (5)
I, [2010-07-18T08:33:47.712151 #32415]  INFO -- : Migrating to CreateFbUsers (4)
I, [2010-07-18T08:34:00.492149 #32418]  INFO -- : Migrating to CreateGames (1)
I, [2010-07-18T08:34:00.492251 #32418]  INFO -- : Migrating to CreateRanks (2)
I, [2010-07-18T08:34:00.492292 #32418]  INFO -- : Migrating to CreateCampaigns (3)
I, [2010-07-18T08:34:00.492329 #32418]  INFO -- : Migrating to CreateFbUsers (4)
D, [2010-07-18T08:34:00.510170 #32418] DEBUG -- : SQLite3::SQLException: unrecognized token: "{": CREATE TABLE "fb_users" ("id" INTEGER PRIMARY KEY AUTOINCREMENT NOT NULL, "coins" integer DEFAULT 0) {:id=>false}
I, [2010-07-18T08:34:35.974504 #32431]  INFO -- : Migrating to CreateGames (1)
I, [2010-07-18T08:34:35.974606 #32431]  INFO -- : Migrating to CreateRanks (2)
I, [2010-07-18T08:34:35.974647 #32431]  INFO -- : Migrating to CreateCampaigns (3)
I, [2010-07-18T08:34:35.974684 #32431]  INFO -- : Migrating to CreateFbUsers (4)
I, [2010-07-18T08:34:36.058218 #32431]  INFO -- : Migrating to CreateUserGameProfiles (5)
I, [2010-07-18T08:34:36.066982 #32431]  INFO -- : Migrating to CreateUserCampaigns (6)
I, [2010-07-18T08:35:04.933593 #32502]  INFO -- : Migrating to CreateGames (1)
I, [2010-07-18T08:35:04.933697 #32502]  INFO -- : Migrating to CreateRanks (2)
I, [2010-07-18T08:35:04.933743 #32502]  INFO -- : Migrating to CreateCampaigns (3)
I, [2010-07-18T08:35:04.933780 #32502]  INFO -- : Migrating to CreateFbUsers (4)
I, [2010-07-18T08:35:04.933817 #32502]  INFO -- : Migrating to CreateUserGameProfiles (5)
I, [2010-07-18T08:35:04.933853 #32502]  INFO -- : Migrating to CreateUserCampaigns (6)
I, [2010-07-18T08:53:39.849833 #666]  INFO -- : Migrating to CreateUserCampaigns (6)
I, [2010-07-18T08:53:39.905308 #666]  INFO -- : Migrating to CreateUserGameProfiles (5)
I, [2010-07-18T08:53:39.915323 #666]  INFO -- : Migrating to CreateFbUsers (4)
I, [2010-07-18T08:53:43.423162 #669]  INFO -- : Migrating to CreateGames (1)
I, [2010-07-18T08:53:43.423269 #669]  INFO -- : Migrating to CreateRanks (2)
I, [2010-07-18T08:53:43.423309 #669]  INFO -- : Migrating to CreateCampaigns (3)
I, [2010-07-18T08:53:43.423347 #669]  INFO -- : Migrating to CreateFbUsers (4)
I, [2010-07-18T08:53:43.467293 #669]  INFO -- : Migrating to CreateUserGameProfiles (5)
I, [2010-07-18T08:53:43.475647 #669]  INFO -- : Migrating to CreateUserCampaigns (6)
I, [2010-07-18T08:54:15.465720 #693]  INFO -- : Migrating to CreateUserCampaigns (6)
I, [2010-07-18T08:54:15.686357 #693]  INFO -- : Migrating to CreateUserGameProfiles (5)
I, [2010-07-18T08:54:15.706818 #693]  INFO -- : Migrating to CreateFbUsers (4)
I, [2010-07-18T08:54:27.769812 #702]  INFO -- : Migrating to CreateGames (1)
I, [2010-07-18T08:54:27.769918 #702]  INFO -- : Migrating to CreateRanks (2)
I, [2010-07-18T08:54:27.769959 #702]  INFO -- : Migrating to CreateCampaigns (3)
I, [2010-07-18T08:54:27.769997 #702]  INFO -- : Migrating to CreateFbUsers (4)
I, [2010-07-18T08:54:27.843402 #702]  INFO -- : Migrating to CreateUserGameProfiles (5)
I, [2010-07-18T08:54:27.850951 #702]  INFO -- : Migrating to CreateUserCampaigns (6)
I, [2010-07-18T12:43:02.325755 #5982]  INFO -- : Migrating to CreateUserCampaigns (6)
I, [2010-07-18T12:43:09.247024 #5985]  INFO -- : Migrating to CreateUserGameProfiles (5)
I, [2010-07-18T12:43:21.360663 #5990]  INFO -- : Migrating to CreateGames (1)
I, [2010-07-18T12:43:21.360765 #5990]  INFO -- : Migrating to CreateRanks (2)
I, [2010-07-18T12:43:21.360805 #5990]  INFO -- : Migrating to CreateCampaigns (3)
I, [2010-07-18T12:43:21.360843 #5990]  INFO -- : Migrating to CreateFbUsers (4)
I, [2010-07-18T12:43:21.360881 #5990]  INFO -- : Migrating to CreateUserGameProfiles (5)
I, [2010-07-18T12:48:55.890621 #6070]  INFO -- : Migrating to CreateGames (1)
I, [2010-07-18T12:48:55.890752 #6070]  INFO -- : Migrating to CreateRanks (2)
I, [2010-07-18T12:48:55.890806 #6070]  INFO -- : Migrating to CreateCampaigns (3)
I, [2010-07-18T12:48:55.890857 #6070]  INFO -- : Migrating to CreateFbUsers (4)
I, [2010-07-18T12:49:08.481702 #6075]  INFO -- : Migrating to CreateGames (1)
I, [2010-07-18T12:49:08.481805 #6075]  INFO -- : Migrating to CreateRanks (2)
I, [2010-07-18T12:49:08.481845 #6075]  INFO -- : Migrating to CreateCampaigns (3)
I, [2010-07-18T12:49:08.481883 #6075]  INFO -- : Migrating to CreateFbUsers (4)
I, [2010-07-18T12:49:08.481920 #6075]  INFO -- : Migrating to CreateUserGameProfiles (5)
D, [2010-07-18T12:49:08.502652 #6075] DEBUG -- : SQLite3::SQLException: table user_game_profiles has no column named fb_user_id: CREATE  INDEX "index_user_game_profiles_on_fb_user_id" ON "user_game_profiles" ("fb_user_id")
I, [2010-07-18T12:49:38.076535 #6082]  INFO -- : Migrating to CreateGames (1)
I, [2010-07-18T12:49:38.076638 #6082]  INFO -- : Migrating to CreateRanks (2)
I, [2010-07-18T12:49:38.076679 #6082]  INFO -- : Migrating to CreateCampaigns (3)
I, [2010-07-18T12:49:38.076717 #6082]  INFO -- : Migrating to CreateFbUsers (4)
I, [2010-07-18T12:49:38.076754 #6082]  INFO -- : Migrating to CreateUserGameProfiles (5)
I, [2010-07-18T12:49:38.154854 #6082]  INFO -- : Migrating to CreateUserCampaigns (6)
I, [2010-07-18T12:59:05.807686 #6295]  INFO -- : Migrating to CreateUserCampaigns (6)
I, [2010-07-18T12:59:05.868363 #6295]  INFO -- : Migrating to CreateUserGameProfiles (5)
I, [2010-07-18T12:59:10.378527 #6298]  INFO -- : Migrating to CreateGames (1)
I, [2010-07-18T12:59:10.378631 #6298]  INFO -- : Migrating to CreateRanks (2)
I, [2010-07-18T12:59:10.378671 #6298]  INFO -- : Migrating to CreateCampaigns (3)
I, [2010-07-18T12:59:10.378709 #6298]  INFO -- : Migrating to CreateFbUsers (4)
I, [2010-07-18T12:59:10.378747 #6298]  INFO -- : Migrating to CreateUserGameProfiles (5)
I, [2010-07-18T13:03:27.670904 #6486]  INFO -- : Migrating to CreateGames (1)
I, [2010-07-18T13:03:27.671006 #6486]  INFO -- : Migrating to CreateRanks (2)
I, [2010-07-18T13:03:27.671046 #6486]  INFO -- : Migrating to CreateCampaigns (3)
I, [2010-07-18T13:03:27.671084 #6486]  INFO -- : Migrating to CreateFbUsers (4)
I, [2010-07-18T13:03:27.671121 #6486]  INFO -- : Migrating to CreateUserGameProfiles (5)
I, [2010-07-18T13:03:43.091217 #6496]  INFO -- : Migrating to CreateGames (1)
I, [2010-07-18T13:03:43.091320 #6496]  INFO -- : Migrating to CreateRanks (2)
I, [2010-07-18T13:03:43.091360 #6496]  INFO -- : Migrating to CreateCampaigns (3)
I, [2010-07-18T13:03:43.091398 #6496]  INFO -- : Migrating to CreateFbUsers (4)
I, [2010-07-18T13:03:43.091435 #6496]  INFO -- : Migrating to CreateUserGameProfiles (5)
I, [2010-07-18T13:03:43.162205 #6496]  INFO -- : Migrating to CreateUserCampaigns (6)
I, [2010-07-18T13:11:06.978518 #6807]  INFO -- : Migrating to CreateUserCampaigns (6)
I, [2010-07-18T13:11:07.037187 #6807]  INFO -- : Migrating to CreateUserGameProfiles (5)
I, [2010-07-18T13:11:45.181943 #6820]  INFO -- : Migrating to CreateUserGameProfiles (5)
I, [2010-07-18T13:11:50.072509 #6823]  INFO -- : Migrating to CreateGames (1)
I, [2010-07-18T13:11:50.072612 #6823]  INFO -- : Migrating to CreateRanks (2)
I, [2010-07-18T13:11:50.072653 #6823]  INFO -- : Migrating to CreateCampaigns (3)
I, [2010-07-18T13:11:50.072690 #6823]  INFO -- : Migrating to CreateFbUsers (4)
I, [2010-07-18T13:11:50.072728 #6823]  INFO -- : Migrating to CreateUserGameProfiles (5)
D, [2010-07-18T13:11:50.096499 #6823] DEBUG -- : SQLite3::SQLException: near "CONSTRAINT": syntax error: ALTER TABLE user_game_profiles
            ADD CONSTRAINT FK_PROFILE_GAME
          	FOREIGN KEY (game_id)
    	      REFERENCES games (id);
I, [2010-07-18T13:14:02.666116 #6841]  INFO -- : Migrating to CreateGames (1)
I, [2010-07-18T13:14:02.666219 #6841]  INFO -- : Migrating to CreateRanks (2)
I, [2010-07-18T13:14:02.666260 #6841]  INFO -- : Migrating to CreateCampaigns (3)
I, [2010-07-18T13:14:02.666298 #6841]  INFO -- : Migrating to CreateFbUsers (4)
I, [2010-07-18T13:14:02.666335 #6841]  INFO -- : Migrating to CreateUserGameProfiles (5)
D, [2010-07-18T13:14:02.685382 #6841] DEBUG -- : SQLite3::SQLException: near "CONSTRAINT": syntax error: ALTER TABLE user_game_profiles
            ADD CONSTRAINT fk_profile_game_id
          	FOREIGN KEY (game_id)
    	      REFERENCES games(id);
I, [2010-07-18T13:21:07.444724 #7109]  INFO -- : Migrating to CreateGames (1)
I, [2010-07-18T13:21:07.444825 #7109]  INFO -- : Migrating to CreateRanks (2)
I, [2010-07-18T13:21:07.444865 #7109]  INFO -- : Migrating to CreateCampaigns (3)
I, [2010-07-18T13:21:07.444902 #7109]  INFO -- : Migrating to CreateFbUsers (4)
I, [2010-07-18T13:21:07.444939 #7109]  INFO -- : Migrating to CreateUserGameProfiles (5)
D, [2010-07-18T13:21:07.464401 #7109] DEBUG -- : SQLite3::SQLException: near "CONSTRAINT": syntax error: ALTER TABLE user_game_profiles
            ADD CONSTRAINT fk_user_game_profile_game
          	FOREIGN KEY (game_id)
    	      REFERENCES games(id);
I, [2010-07-18T13:25:45.759536 #7203]  INFO -- : Migrating to CreateGames (1)
I, [2010-07-18T13:25:45.759640 #7203]  INFO -- : Migrating to CreateRanks (2)
I, [2010-07-18T13:25:45.759681 #7203]  INFO -- : Migrating to CreateCampaigns (3)
I, [2010-07-18T13:25:45.759718 #7203]  INFO -- : Migrating to CreateFbUsers (4)
I, [2010-07-18T13:25:45.759755 #7203]  INFO -- : Migrating to CreateUserGameProfiles (5)
D, [2010-07-18T13:25:45.779110 #7203] DEBUG -- : SQLite3::SQLException: near "CONSTRAINT": syntax error: ALTER TABLE user_game_profiles
            ADD CONSTRAINT fk_user_game_profiles_game
          	FOREIGN KEY (game_id)
    	      REFERENCES games(id);
I, [2010-07-18T13:27:20.780908 #7249]  INFO -- : Migrating to CreateGames (1)
I, [2010-07-18T13:27:20.781027 #7249]  INFO -- : Migrating to CreateRanks (2)
I, [2010-07-18T13:27:20.781068 #7249]  INFO -- : Migrating to CreateCampaigns (3)
I, [2010-07-18T13:27:20.781107 #7249]  INFO -- : Migrating to CreateFbUsers (4)
I, [2010-07-18T13:27:20.781144 #7249]  INFO -- : Migrating to CreateUserGameProfiles (5)
D, [2010-07-18T13:27:20.813864 #7249] DEBUG -- : SQLite3::SQLException: near "CONSTRAINT": syntax error: ALTER TABLE user_game_profiles
            ADD CONSTRAINT user_game_profiles_game_id
          	FOREIGN KEY (game_id)
    	      REFERENCES games(id);
I, [2010-07-18T13:39:00.216341 #7614]  INFO -- : Migrating to CreateGames (1)
I, [2010-07-18T13:39:00.216443 #7614]  INFO -- : Migrating to CreateRanks (2)
I, [2010-07-18T13:39:00.216483 #7614]  INFO -- : Migrating to CreateCampaigns (3)
I, [2010-07-18T13:39:00.216521 #7614]  INFO -- : Migrating to CreateFbUsers (4)
I, [2010-07-18T13:39:00.216558 #7614]  INFO -- : Migrating to CreateUserGameProfiles (5)
D, [2010-07-18T13:39:00.236689 #7614] DEBUG -- : SQLite3::SQLException: near "CONSTRAINT": syntax error: ALTER TABLE user_game_profiles
            ADD CONSTRAINT user_game_profiles_game_id
          	FOREIGN KEY (game_id)
    	      REFERENCES games(id);
I, [2010-07-18T13:40:31.133782 #7784]  INFO -- : Migrating to CreateGames (1)
I, [2010-07-18T13:40:31.133885 #7784]  INFO -- : Migrating to CreateRanks (2)
I, [2010-07-18T13:40:31.133925 #7784]  INFO -- : Migrating to CreateCampaigns (3)
I, [2010-07-18T13:40:31.133963 #7784]  INFO -- : Migrating to CreateFbUsers (4)
I, [2010-07-18T13:40:31.134000 #7784]  INFO -- : Migrating to CreateUserGameProfiles (5)
D, [2010-07-18T13:40:31.153306 #7784] DEBUG -- : SQLite3::SQLException: near "FOREIGN": syntax error: ALTER TABLE user_game_profiles ADD FOREIGN KEY (game_id)
    	      REFERENCES games(id);
I, [2010-07-18T13:44:28.274984 #7823]  INFO -- : Migrating to CreateGames (1)
I, [2010-07-18T13:44:28.275088 #7823]  INFO -- : Migrating to CreateRanks (2)
I, [2010-07-18T13:44:28.275129 #7823]  INFO -- : Migrating to CreateCampaigns (3)
I, [2010-07-18T13:44:28.275166 #7823]  INFO -- : Migrating to CreateFbUsers (4)
I, [2010-07-18T13:44:28.275203 #7823]  INFO -- : Migrating to CreateUserGameProfiles (5)
D, [2010-07-18T13:44:28.277770 #7823] DEBUG -- : SQLite3::SQLException: near "auto_increment": syntax error:  CREATE TABLE `user_game_profiles` (
             `id` int(11) DEFAULT NULL auto_increment PRIMARY KEY,
             `score` int(11) DEFAULT 0,
             `game_id` int(11),
             `user_id` string,
              FOREIGN KEY (game_id) REFERENCES games (id),
              FOREIGN KEY (user_id) REFERENCES games (uid))
I, [2010-07-18T13:49:42.120583 #7901]  INFO -- : Migrating to CreateGames (1)
I, [2010-07-18T13:49:42.120685 #7901]  INFO -- : Migrating to CreateRanks (2)
I, [2010-07-18T13:49:42.120725 #7901]  INFO -- : Migrating to CreateCampaigns (3)
I, [2010-07-18T13:49:42.120762 #7901]  INFO -- : Migrating to CreateFbUsers (4)
I, [2010-07-18T13:49:42.120800 #7901]  INFO -- : Migrating to CreateUserGameProfiles (5)
D, [2010-07-18T13:49:42.124204 #7901] DEBUG -- : SQLite3::SQLException: AUTOINCREMENT is only allowed on an INTEGER PRIMARY KEY:  CREATE TABLE `user_game_profiles` (
             id INT PRIMARY KEY AUTOINCREMENT,
             `score` int(11) DEFAULT 0,
             `game_id` int(11),
             `user_id` string,
              FOREIGN KEY (game_id) REFERENCES games (id),
              FOREIGN KEY (user_id) REFERENCES games (uid))
I, [2010-07-18T13:49:58.398279 #7909]  INFO -- : Migrating to CreateGames (1)
I, [2010-07-18T13:49:58.398380 #7909]  INFO -- : Migrating to CreateRanks (2)
I, [2010-07-18T13:49:58.398421 #7909]  INFO -- : Migrating to CreateCampaigns (3)
I, [2010-07-18T13:49:58.398459 #7909]  INFO -- : Migrating to CreateFbUsers (4)
I, [2010-07-18T13:49:58.398496 #7909]  INFO -- : Migrating to CreateUserGameProfiles (5)
I, [2010-07-18T13:49:58.420549 #7909]  INFO -- : Migrating to CreateUserCampaigns (6)
I, [2010-07-18T13:52:20.479158 #8048]  INFO -- : Migrating to CreateUserCampaigns (6)
I, [2010-07-18T13:52:20.540934 #8048]  INFO -- : Migrating to CreateUserGameProfiles (5)
I, [2010-07-18T13:52:24.208531 #8051]  INFO -- : Migrating to CreateGames (1)
I, [2010-07-18T13:52:24.208637 #8051]  INFO -- : Migrating to CreateRanks (2)
I, [2010-07-18T13:52:24.208678 #8051]  INFO -- : Migrating to CreateCampaigns (3)
I, [2010-07-18T13:52:24.208717 #8051]  INFO -- : Migrating to CreateFbUsers (4)
I, [2010-07-18T13:52:24.208754 #8051]  INFO -- : Migrating to CreateUserGameProfiles (5)
D, [2010-07-18T13:52:24.211197 #8051] DEBUG -- : SQLite3::SQLException: near "NULL": syntax error:  CREATE TABLE `user_game_profiles` (
             id INTEGER PRIMARY KEY AUTOINCREMENT,
             `score` int(11) DEFAULT 0,
             `game_id` int(11),
             `user_id` string,
              FOREIGN KEY (game_id) REFERENCES games (id) NOT NULL,
              FOREIGN KEY (user_id) REFERENCES games (uid)) NOT NULL
I, [2010-07-18T13:54:11.363402 #8069]  INFO -- : Migrating to CreateGames (1)
I, [2010-07-18T13:54:11.363503 #8069]  INFO -- : Migrating to CreateRanks (2)
I, [2010-07-18T13:54:11.363543 #8069]  INFO -- : Migrating to CreateCampaigns (3)
I, [2010-07-18T13:54:11.363581 #8069]  INFO -- : Migrating to CreateFbUsers (4)
I, [2010-07-18T13:54:11.363618 #8069]  INFO -- : Migrating to CreateUserGameProfiles (5)
I, [2010-07-18T13:54:11.418099 #8069]  INFO -- : Migrating to CreateUserCampaigns (6)
I, [2010-07-18T14:01:31.904474 #8327]  INFO -- : Migrating to CreateUserCampaigns (6)
I, [2010-07-18T14:01:32.106393 #8327]  INFO -- : Migrating to CreateUserGameProfiles (5)
I, [2010-07-18T14:01:38.332744 #8330]  INFO -- : Migrating to CreateGames (1)
I, [2010-07-18T14:01:38.332848 #8330]  INFO -- : Migrating to CreateRanks (2)
I, [2010-07-18T14:01:38.332888 #8330]  INFO -- : Migrating to CreateCampaigns (3)
I, [2010-07-18T14:01:38.332926 #8330]  INFO -- : Migrating to CreateFbUsers (4)
I, [2010-07-18T14:01:38.332970 #8330]  INFO -- : Migrating to CreateUserGameProfiles (5)
I, [2010-07-18T14:01:38.357882 #8330]  INFO -- : Migrating to CreateUserCampaigns (6)
I, [2010-07-18T14:02:13.048211 #8344]  INFO -- : Migrating to CreateUserCampaigns (6)
I, [2010-07-18T14:02:13.320293 #8344]  INFO -- : Migrating to CreateUserGameProfiles (5)
I, [2010-07-18T14:02:17.690258 #8347]  INFO -- : Migrating to CreateGames (1)
I, [2010-07-18T14:02:17.690361 #8347]  INFO -- : Migrating to CreateRanks (2)
I, [2010-07-18T14:02:17.690401 #8347]  INFO -- : Migrating to CreateCampaigns (3)
I, [2010-07-18T14:02:17.690438 #8347]  INFO -- : Migrating to CreateFbUsers (4)
I, [2010-07-18T14:02:17.690475 #8347]  INFO -- : Migrating to CreateUserGameProfiles (5)
I, [2010-07-18T14:02:17.733889 #8347]  INFO -- : Migrating to CreateUserCampaigns (6)
I, [2010-07-18T14:10:03.855929 #8560]  INFO -- : Migrating to CreateUserCampaigns (6)
I, [2010-07-18T14:10:03.917832 #8560]  INFO -- : Migrating to CreateUserGameProfiles (5)
I, [2010-07-18T14:10:08.149939 #8563]  INFO -- : Migrating to CreateGames (1)
I, [2010-07-18T14:10:08.150046 #8563]  INFO -- : Migrating to CreateRanks (2)
I, [2010-07-18T14:10:08.150087 #8563]  INFO -- : Migrating to CreateCampaigns (3)
I, [2010-07-18T14:10:08.150124 #8563]  INFO -- : Migrating to CreateFbUsers (4)
I, [2010-07-18T14:10:08.150161 #8563]  INFO -- : Migrating to CreateUserGameProfiles (5)
D, [2010-07-18T14:10:08.152432 #8563] DEBUG -- : SQLite3::SQLException: near ";": syntax error:  CREATE TABLE `user_game_profiles` (
             id INTEGER PRIMARY KEY AUTOINCREMENT,
             score INTEGER DEFAULT 0,
             game_id INTEGER  NOT NULL,
             `user_id` string NOT NULL,
             FOREIGN KEY(game_id) REFERENCES games(game_id);
I, [2010-07-18T14:10:18.148054 #8576]  INFO -- : Migrating to CreateGames (1)
I, [2010-07-18T14:10:18.148162 #8576]  INFO -- : Migrating to CreateRanks (2)
I, [2010-07-18T14:10:18.148203 #8576]  INFO -- : Migrating to CreateCampaigns (3)
I, [2010-07-18T14:10:18.148240 #8576]  INFO -- : Migrating to CreateFbUsers (4)
I, [2010-07-18T14:10:21.211654 #8579]  INFO -- : Migrating to CreateGames (1)
I, [2010-07-18T14:10:21.211759 #8579]  INFO -- : Migrating to CreateRanks (2)
I, [2010-07-18T14:10:21.211799 #8579]  INFO -- : Migrating to CreateCampaigns (3)
I, [2010-07-18T14:10:21.211836 #8579]  INFO -- : Migrating to CreateFbUsers (4)
I, [2010-07-18T14:10:21.211873 #8579]  INFO -- : Migrating to CreateUserGameProfiles (5)
D, [2010-07-18T14:10:21.214290 #8579] DEBUG -- : SQLite3::SQLException: near ")": syntax error:  CREATE TABLE `user_game_profiles` (
             id INTEGER PRIMARY KEY AUTOINCREMENT,
             score INTEGER DEFAULT 0,
             game_id INTEGER  NOT NULL,
             `user_id` string NOT NULL,
             FOREIGN KEY(game_id) REFERENCES games(game_id)
I, [2010-07-18T14:10:37.214871 #8588]  INFO -- : Migrating to CreateGames (1)
I, [2010-07-18T14:10:37.214973 #8588]  INFO -- : Migrating to CreateRanks (2)
I, [2010-07-18T14:10:37.215013 #8588]  INFO -- : Migrating to CreateCampaigns (3)
I, [2010-07-18T14:10:37.215051 #8588]  INFO -- : Migrating to CreateFbUsers (4)
I, [2010-07-18T14:10:37.215089 #8588]  INFO -- : Migrating to CreateUserGameProfiles (5)
I, [2010-07-18T14:10:37.264791 #8588]  INFO -- : Migrating to CreateUserCampaigns (6)
I, [2010-07-18T14:28:14.235090 #8992]  INFO -- : Migrating to CreateUserCampaigns (6)
I, [2010-07-18T14:28:14.312398 #8992]  INFO -- : Migrating to CreateUserGameProfiles (5)
I, [2010-07-18T14:28:18.651997 #8995]  INFO -- : Migrating to CreateGames (1)
I, [2010-07-18T14:28:18.652110 #8995]  INFO -- : Migrating to CreateRanks (2)
I, [2010-07-18T14:28:18.652151 #8995]  INFO -- : Migrating to CreateCampaigns (3)
I, [2010-07-18T14:28:18.652189 #8995]  INFO -- : Migrating to CreateFbUsers (4)
I, [2010-07-18T14:28:18.652226 #8995]  INFO -- : Migrating to CreateUserGameProfiles (5)
I, [2010-07-18T14:28:18.730264 #8995]  INFO -- : Migrating to CreateUserCampaigns (6)
I, [2010-07-18T14:31:11.359699 #9190]  INFO -- : Migrating to CreateUserCampaigns (6)
I, [2010-07-18T14:31:11.651865 #9190]  INFO -- : Migrating to CreateUserGameProfiles (5)
I, [2010-07-18T14:31:15.209812 #9193]  INFO -- : Migrating to CreateGames (1)
I, [2010-07-18T14:31:15.209915 #9193]  INFO -- : Migrating to CreateRanks (2)
I, [2010-07-18T14:31:15.209955 #9193]  INFO -- : Migrating to CreateCampaigns (3)
I, [2010-07-18T14:31:15.209993 #9193]  INFO -- : Migrating to CreateFbUsers (4)
I, [2010-07-18T14:31:15.210030 #9193]  INFO -- : Migrating to CreateUserGameProfiles (5)
I, [2010-07-18T14:31:15.496812 #9193]  INFO -- : Migrating to CreateUserCampaigns (6)
I, [2010-07-18T14:33:09.012482 #9217]  INFO -- : Migrating to CreateUserCampaigns (6)
I, [2010-07-18T14:33:09.276365 #9217]  INFO -- : Migrating to CreateUserGameProfiles (5)
I, [2010-07-18T14:33:12.477857 #9220]  INFO -- : Migrating to CreateGames (1)
I, [2010-07-18T14:33:12.477962 #9220]  INFO -- : Migrating to CreateRanks (2)
I, [2010-07-18T14:33:12.478002 #9220]  INFO -- : Migrating to CreateCampaigns (3)
I, [2010-07-18T14:33:12.478039 #9220]  INFO -- : Migrating to CreateFbUsers (4)
I, [2010-07-18T14:33:12.478077 #9220]  INFO -- : Migrating to CreateUserGameProfiles (5)
I, [2010-07-18T14:33:12.496297 #9220]  INFO -- : Migrating to CreateUserCampaigns (6)
I, [2010-07-18T14:52:30.280926 #9618]  INFO -- : Migrating to CreateUserCampaigns (6)
I, [2010-07-18T14:52:30.567207 #9618]  INFO -- : Migrating to CreateUserGameProfiles (5)
I, [2010-07-18T14:52:34.337322 #9621]  INFO -- : Migrating to CreateGames (1)
I, [2010-07-18T14:52:34.337424 #9621]  INFO -- : Migrating to CreateRanks (2)
I, [2010-07-18T14:52:34.337464 #9621]  INFO -- : Migrating to CreateCampaigns (3)
I, [2010-07-18T14:52:34.337502 #9621]  INFO -- : Migrating to CreateFbUsers (4)
I, [2010-07-18T14:52:34.337540 #9621]  INFO -- : Migrating to CreateUserGameProfiles (5)
I, [2010-07-18T14:52:34.620305 #9621]  INFO -- : Migrating to CreateUserCampaigns (6)
I, [2010-07-18T15:02:47.666483 #9917]  INFO -- : Migrating to CreateUserCampaigns (6)
I, [2010-07-18T15:02:47.945436 #9917]  INFO -- : Migrating to CreateUserGameProfiles (5)
I, [2010-07-18T15:02:51.557136 #9920]  INFO -- : Migrating to CreateGames (1)
I, [2010-07-18T15:02:51.557238 #9920]  INFO -- : Migrating to CreateRanks (2)
I, [2010-07-18T15:02:51.557278 #9920]  INFO -- : Migrating to CreateCampaigns (3)
I, [2010-07-18T15:02:51.557315 #9920]  INFO -- : Migrating to CreateFbUsers (4)
I, [2010-07-18T15:02:51.557352 #9920]  INFO -- : Migrating to CreateUserGameProfiles (5)
I, [2010-07-18T15:02:51.806479 #9920]  INFO -- : Migrating to CreateUserCampaigns (6)
I, [2010-07-18T15:03:32.263635 #9951]  INFO -- : Migrating to CreateGames (1)
I, [2010-07-18T15:03:32.263736 #9951]  INFO -- : Migrating to CreateRanks (2)
I, [2010-07-18T15:03:32.263776 #9951]  INFO -- : Migrating to CreateCampaigns (3)
I, [2010-07-18T15:03:32.263814 #9951]  INFO -- : Migrating to CreateFbUsers (4)
I, [2010-07-18T15:03:32.263851 #9951]  INFO -- : Migrating to CreateUserGameProfiles (5)
I, [2010-07-18T15:03:32.263888 #9951]  INFO -- : Migrating to CreateUserCampaigns (6)
I, [2010-07-18T15:03:35.969348 #9954]  INFO -- : Migrating to CreateUserCampaigns (6)
I, [2010-07-18T15:03:36.255050 #9954]  INFO -- : Migrating to CreateUserGameProfiles (5)
I, [2010-07-18T15:03:40.857704 #9957]  INFO -- : Migrating to CreateGames (1)
I, [2010-07-18T15:03:40.857805 #9957]  INFO -- : Migrating to CreateRanks (2)
I, [2010-07-18T15:03:40.857846 #9957]  INFO -- : Migrating to CreateCampaigns (3)
I, [2010-07-18T15:03:40.857884 #9957]  INFO -- : Migrating to CreateFbUsers (4)
I, [2010-07-18T15:03:40.857922 #9957]  INFO -- : Migrating to CreateUserGameProfiles (5)
I, [2010-07-18T15:03:40.876189 #9957]  INFO -- : Migrating to CreateUserCampaigns (6)
I, [2010-07-18T15:09:20.811574 #10132]  INFO -- : Migrating to CreateUserCampaigns (6)
I, [2010-07-18T15:09:20.833829 #10132]  INFO -- : Migrating to CreateUserGameProfiles (5)
I, [2010-07-18T15:09:24.398266 #10135]  INFO -- : Migrating to CreateGames (1)
I, [2010-07-18T15:09:24.398369 #10135]  INFO -- : Migrating to CreateRanks (2)
I, [2010-07-18T15:09:24.398409 #10135]  INFO -- : Migrating to CreateCampaigns (3)
I, [2010-07-18T15:09:24.398446 #10135]  INFO -- : Migrating to CreateFbUsers (4)
I, [2010-07-18T15:09:24.398483 #10135]  INFO -- : Migrating to CreateUserGameProfiles (5)
I, [2010-07-18T15:09:24.420950 #10135]  INFO -- : Migrating to CreateUserCampaigns (6)
I, [2010-07-18T15:11:39.266522 #10327]  INFO -- : Migrating to CreateUserCampaigns (6)
I, [2010-07-18T15:11:39.300599 #10327]  INFO -- : Migrating to CreateUserGameProfiles (5)
I, [2010-07-18T15:11:44.616634 #10330]  INFO -- : Migrating to CreateGames (1)
I, [2010-07-18T15:11:44.616746 #10330]  INFO -- : Migrating to CreateRanks (2)
I, [2010-07-18T15:11:44.616786 #10330]  INFO -- : Migrating to CreateCampaigns (3)
I, [2010-07-18T15:11:44.616824 #10330]  INFO -- : Migrating to CreateFbUsers (4)
I, [2010-07-18T15:11:44.616861 #10330]  INFO -- : Migrating to CreateUserGameProfiles (5)
I, [2010-07-18T15:11:44.764233 #10330]  INFO -- : Migrating to CreateUserCampaigns (6)
I, [2010-07-18T15:37:23.647033 #11020]  INFO -- : Migrating to CreateUserCampaigns (6)
I, [2010-07-18T15:37:23.670185 #11020]  INFO -- : Migrating to CreateUserGameProfiles (5)
I, [2010-07-18T15:37:23.690627 #11020]  INFO -- : Migrating to CreateFbUsers (4)
I, [2010-07-18T15:37:27.833541 #11023]  INFO -- : Migrating to CreateGames (1)
I, [2010-07-18T15:37:27.833643 #11023]  INFO -- : Migrating to CreateRanks (2)
I, [2010-07-18T15:37:27.833684 #11023]  INFO -- : Migrating to CreateCampaigns (3)
I, [2010-07-18T15:37:27.833721 #11023]  INFO -- : Migrating to CreateFbUsers (4)
I, [2010-07-18T15:37:28.427469 #11023]  INFO -- : Migrating to CreateUserGameProfiles (5)
I, [2010-07-18T15:37:28.439922 #11023]  INFO -- : Migrating to CreateUserCampaigns (6)
I, [2010-07-18T15:38:14.121311 #11033]  INFO -- : Migrating to CreateUserCampaigns (6)
I, [2010-07-18T15:38:14.425681 #11033]  INFO -- : Migrating to CreateUserGameProfiles (5)
I, [2010-07-18T15:38:14.437822 #11033]  INFO -- : Migrating to CreateFbUsers (4)
I, [2010-07-18T15:38:18.165755 #11036]  INFO -- : Migrating to CreateGames (1)
I, [2010-07-18T15:38:18.165859 #11036]  INFO -- : Migrating to CreateRanks (2)
I, [2010-07-18T15:38:18.165900 #11036]  INFO -- : Migrating to CreateCampaigns (3)
I, [2010-07-18T15:38:18.165937 #11036]  INFO -- : Migrating to CreateFbUsers (4)
I, [2010-07-18T15:38:18.553798 #11036]  INFO -- : Migrating to CreateUserGameProfiles (5)
I, [2010-07-18T15:38:18.565057 #11036]  INFO -- : Migrating to CreateUserCampaigns (6)
I, [2010-07-18T15:38:53.811092 #11047]  INFO -- : Migrating to CreateUserCampaigns (6)
I, [2010-07-18T15:38:54.147595 #11047]  INFO -- : Migrating to CreateUserGameProfiles (5)
I, [2010-07-18T15:38:54.176071 #11047]  INFO -- : Migrating to CreateFbUsers (4)
I, [2010-07-18T15:38:57.980958 #11050]  INFO -- : Migrating to CreateGames (1)
I, [2010-07-18T15:38:57.981097 #11050]  INFO -- : Migrating to CreateRanks (2)
I, [2010-07-18T15:38:57.981138 #11050]  INFO -- : Migrating to CreateCampaigns (3)
I, [2010-07-18T15:38:57.981176 #11050]  INFO -- : Migrating to CreateFbUsers (4)
I, [2010-07-18T15:38:58.309281 #11050]  INFO -- : Migrating to CreateUserGameProfiles (5)
I, [2010-07-18T15:38:58.321169 #11050]  INFO -- : Migrating to CreateUserCampaigns (6)
I, [2010-07-18T15:39:50.336837 #11059]  INFO -- : Migrating to CreateUserCampaigns (6)
I, [2010-07-18T15:39:50.616786 #11059]  INFO -- : Migrating to CreateUserGameProfiles (5)
I, [2010-07-18T15:39:50.631650 #11059]  INFO -- : Migrating to CreateFbUsers (4)
I, [2010-07-18T15:39:54.020162 #11062]  INFO -- : Migrating to CreateGames (1)
I, [2010-07-18T15:39:54.020265 #11062]  INFO -- : Migrating to CreateRanks (2)
I, [2010-07-18T15:39:54.020306 #11062]  INFO -- : Migrating to CreateCampaigns (3)
I, [2010-07-18T15:39:54.020342 #11062]  INFO -- : Migrating to CreateFbUsers (4)
I, [2010-07-18T15:39:54.272695 #11062]  INFO -- : Migrating to CreateUserGameProfiles (5)
I, [2010-07-18T15:39:54.284818 #11062]  INFO -- : Migrating to CreateUserCampaigns (6)
I, [2010-07-18T15:41:21.436886 #11203]  INFO -- : Migrating to CreateUserCampaigns (6)
I, [2010-07-18T15:41:21.691206 #11203]  INFO -- : Migrating to CreateUserGameProfiles (5)
I, [2010-07-18T15:41:21.717493 #11203]  INFO -- : Migrating to CreateFbUsers (4)
I, [2010-07-18T15:41:25.594361 #11206]  INFO -- : Migrating to CreateGames (1)
I, [2010-07-18T15:41:25.594466 #11206]  INFO -- : Migrating to CreateRanks (2)
I, [2010-07-18T15:41:25.594506 #11206]  INFO -- : Migrating to CreateCampaigns (3)
I, [2010-07-18T15:41:25.594544 #11206]  INFO -- : Migrating to CreateFbUsers (4)
I, [2010-07-18T15:41:25.903951 #11206]  INFO -- : Migrating to CreateUserGameProfiles (5)
I, [2010-07-18T15:41:25.917612 #11206]  INFO -- : Migrating to CreateUserCampaigns (6)
I, [2010-07-18T15:45:53.518095 #11344]  INFO -- : Migrating to CreateUserCampaigns (6)
I, [2010-07-18T15:45:53.541815 #11344]  INFO -- : Migrating to CreateUserGameProfiles (5)
I, [2010-07-18T15:45:53.551072 #11344]  INFO -- : Migrating to CreateFbUsers (4)
I, [2010-07-18T15:45:56.752748 #11347]  INFO -- : Migrating to CreateGames (1)
I, [2010-07-18T15:45:56.752851 #11347]  INFO -- : Migrating to CreateRanks (2)
I, [2010-07-18T15:45:56.752892 #11347]  INFO -- : Migrating to CreateCampaigns (3)
I, [2010-07-18T15:45:56.752929 #11347]  INFO -- : Migrating to CreateFbUsers (4)
I, [2010-07-18T15:45:57.017078 #11347]  INFO -- : Migrating to CreateUserGameProfiles (5)
I, [2010-07-18T15:45:57.029529 #11347]  INFO -- : Migrating to CreateUserCampaigns (6)
I, [2010-07-18T15:59:04.064486 #11633]  INFO -- : Migrating to CreateUserCampaigns (6)
I, [2010-07-18T15:59:04.085672 #11633]  INFO -- : Migrating to CreateUserGameProfiles (5)
I, [2010-07-18T15:59:04.095337 #11633]  INFO -- : Migrating to CreateFbUsers (4)
I, [2010-07-18T15:59:07.852788 #11636]  INFO -- : Migrating to CreateGames (1)
I, [2010-07-18T15:59:07.852893 #11636]  INFO -- : Migrating to CreateRanks (2)
I, [2010-07-18T15:59:07.852934 #11636]  INFO -- : Migrating to CreateCampaigns (3)
I, [2010-07-18T15:59:07.852986 #11636]  INFO -- : Migrating to CreateFbUsers (4)
I, [2010-07-18T15:59:07.887917 #11636]  INFO -- : Migrating to CreateUserGameProfiles (5)
I, [2010-07-18T15:59:07.896151 #11636]  INFO -- : Migrating to CreateUserCampaigns (6)
I, [2010-07-18T15:59:57.608718 #11653]  INFO -- : Migrating to CreateUserCampaigns (6)
I, [2010-07-18T15:59:57.629791 #11653]  INFO -- : Migrating to CreateUserGameProfiles (5)
I, [2010-07-18T15:59:57.641415 #11653]  INFO -- : Migrating to CreateFbUsers (4)
I, [2010-07-18T16:00:01.618422 #11656]  INFO -- : Migrating to CreateGames (1)
I, [2010-07-18T16:00:01.618526 #11656]  INFO -- : Migrating to CreateRanks (2)
I, [2010-07-18T16:00:01.618565 #11656]  INFO -- : Migrating to CreateCampaigns (3)
I, [2010-07-18T16:00:01.618603 #11656]  INFO -- : Migrating to CreateFbUsers (4)
I, [2010-07-18T16:00:01.939354 #11656]  INFO -- : Migrating to CreateUserGameProfiles (5)
I, [2010-07-18T16:00:02.311589 #11656]  INFO -- : Migrating to CreateUserCampaigns (6)
I, [2010-07-18T16:00:33.262832 #11841]  INFO -- : Migrating to CreateUserCampaigns (6)
I, [2010-07-18T16:00:33.559053 #11841]  INFO -- : Migrating to CreateUserGameProfiles (5)
I, [2010-07-18T16:00:33.586048 #11841]  INFO -- : Migrating to CreateFbUsers (4)
I, [2010-07-18T16:00:38.277051 #11844]  INFO -- : Migrating to CreateGames (1)
I, [2010-07-18T16:00:38.277153 #11844]  INFO -- : Migrating to CreateRanks (2)
I, [2010-07-18T16:00:38.277194 #11844]  INFO -- : Migrating to CreateCampaigns (3)
I, [2010-07-18T16:00:38.277232 #11844]  INFO -- : Migrating to CreateFbUsers (4)
I, [2010-07-18T16:00:38.532306 #11844]  INFO -- : Migrating to CreateUserGameProfiles (5)
I, [2010-07-18T16:00:38.561014 #11844]  INFO -- : Migrating to CreateUserCampaigns (6)
I, [2010-07-18T16:24:42.323749 #12462]  INFO -- : Migrating to CreateUserCampaigns (6)
I, [2010-07-18T16:24:42.923276 #12462]  INFO -- : Migrating to CreateUserGameProfiles (5)
I, [2010-07-18T16:24:42.943865 #12462]  INFO -- : Migrating to CreateFbUsers (4)
I, [2010-07-18T16:24:46.643649 #12465]  INFO -- : Migrating to CreateGames (1)
I, [2010-07-18T16:24:46.643760 #12465]  INFO -- : Migrating to CreateRanks (2)
I, [2010-07-18T16:24:46.643800 #12465]  INFO -- : Migrating to CreateCampaigns (3)
I, [2010-07-18T16:24:46.643838 #12465]  INFO -- : Migrating to CreateFbUsers (4)
I, [2010-07-18T16:24:46.697258 #12465]  INFO -- : Migrating to CreateUserGameProfiles (5)
I, [2010-07-18T16:24:46.966943 #12465]  INFO -- : Migrating to CreateUserCampaigns (6)
I, [2010-07-18T16:47:23.872850 #13105]  INFO -- : Migrating to CreateUserCampaigns (6)
I, [2010-07-18T16:47:24.205528 #13105]  INFO -- : Migrating to CreateUserGameProfiles (5)
I, [2010-07-18T16:47:24.234179 #13105]  INFO -- : Migrating to CreateFbUsers (4)
I, [2010-07-18T16:47:30.619928 #13108]  INFO -- : Migrating to CreateGames (1)
I, [2010-07-18T16:47:30.620033 #13108]  INFO -- : Migrating to CreateRanks (2)
I, [2010-07-18T16:47:30.620073 #13108]  INFO -- : Migrating to CreateCampaigns (3)
I, [2010-07-18T16:47:30.620112 #13108]  INFO -- : Migrating to CreateFbUsers (4)
I, [2010-07-18T16:47:30.896503 #13108]  INFO -- : Migrating to CreateUserGameProfiles (5)
I, [2010-07-18T16:47:30.908555 #13108]  INFO -- : Migrating to CreateUserCampaigns (6)
I, [2010-07-18T16:55:46.974664 #13548]  INFO -- : Migrating to CreateUserCampaigns (6)
I, [2010-07-18T16:55:47.184311 #13548]  INFO -- : Migrating to CreateUserGameProfiles (5)
I, [2010-07-18T16:55:47.198560 #13548]  INFO -- : Migrating to CreateFbUsers (4)
I, [2010-07-18T16:55:50.464907 #13551]  INFO -- : Migrating to CreateGames (1)
I, [2010-07-18T16:55:50.465024 #13551]  INFO -- : Migrating to CreateRanks (2)
I, [2010-07-18T16:55:50.465064 #13551]  INFO -- : Migrating to CreateCampaigns (3)
I, [2010-07-18T16:55:50.465101 #13551]  INFO -- : Migrating to CreateFbUsers (4)
I, [2010-07-18T16:55:50.729303 #13551]  INFO -- : Migrating to CreateUserGameProfiles (5)
I, [2010-07-18T16:55:50.742726 #13551]  INFO -- : Migrating to CreateUserCampaigns (6)
I, [2010-07-18T16:56:15.517818 #13559]  INFO -- : Migrating to CreateGames (1)
I, [2010-07-18T16:56:15.517922 #13559]  INFO -- : Migrating to CreateRanks (2)
I, [2010-07-18T16:56:15.517962 #13559]  INFO -- : Migrating to CreateCampaigns (3)
I, [2010-07-18T16:56:15.518000 #13559]  INFO -- : Migrating to CreateFbUsers (4)
I, [2010-07-18T16:56:15.518036 #13559]  INFO -- : Migrating to CreateUserGameProfiles (5)
I, [2010-07-18T16:56:15.518074 #13559]  INFO -- : Migrating to CreateUserCampaigns (6)
I, [2010-07-18T16:58:08.693900 #13596]  INFO -- : Migrating to CreateUserCampaigns (6)
I, [2010-07-18T16:58:09.003081 #13596]  INFO -- : Migrating to CreateUserGameProfiles (5)
I, [2010-07-18T16:58:09.020510 #13596]  INFO -- : Migrating to CreateFbUsers (4)
I, [2010-07-18T16:59:10.905837 #13612]  INFO -- : Migrating to CreateGames (1)
I, [2010-07-18T16:59:10.905939 #13612]  INFO -- : Migrating to CreateRanks (2)
I, [2010-07-18T16:59:10.905980 #13612]  INFO -- : Migrating to CreateCampaigns (3)
I, [2010-07-18T16:59:10.906017 #13612]  INFO -- : Migrating to CreateFbUsers (4)
I, [2010-07-18T16:59:11.118367 #13612]  INFO -- : Migrating to CreateUserGameProfiles (5)
I, [2010-07-18T16:59:11.163652 #13612]  INFO -- : Migrating to CreateUserCampaigns (6)
I, [2010-07-18T16:59:14.819371 #13615]  INFO -- : Migrating to CreateUserCampaigns (6)
I, [2010-07-18T16:59:14.841141 #13615]  INFO -- : Migrating to CreateUserGameProfiles (5)
I, [2010-07-18T16:59:14.848783 #13615]  INFO -- : Migrating to CreateFbUsers (4)
I, [2010-07-18T16:59:17.986752 #13618]  INFO -- : Migrating to CreateGames (1)
I, [2010-07-18T16:59:17.986854 #13618]  INFO -- : Migrating to CreateRanks (2)
I, [2010-07-18T16:59:17.986895 #13618]  INFO -- : Migrating to CreateCampaigns (3)
I, [2010-07-18T16:59:17.986933 #13618]  INFO -- : Migrating to CreateFbUsers (4)
I, [2010-07-18T16:59:18.250746 #13618]  INFO -- : Migrating to CreateUserGameProfiles (5)
I, [2010-07-18T16:59:18.262579 #13618]  INFO -- : Migrating to CreateUserCampaigns (6)
I, [2010-07-18T17:12:07.400776 #14015]  INFO -- : Migrating to CreateUserCampaigns (6)
I, [2010-07-18T17:12:07.552727 #14015]  INFO -- : Migrating to CreateUserGameProfiles (5)
I, [2010-07-18T17:12:07.565097 #14015]  INFO -- : Migrating to CreateFbUsers (4)
I, [2010-07-18T17:12:11.918243 #14018]  INFO -- : Migrating to CreateGames (1)
I, [2010-07-18T17:12:11.918347 #14018]  INFO -- : Migrating to CreateRanks (2)
I, [2010-07-18T17:12:11.918388 #14018]  INFO -- : Migrating to CreateCampaigns (3)
I, [2010-07-18T17:12:11.918425 #14018]  INFO -- : Migrating to CreateFbUsers (4)
I, [2010-07-18T17:12:12.204821 #14018]  INFO -- : Migrating to CreateUserGameProfiles (5)
I, [2010-07-18T17:12:12.216277 #14018]  INFO -- : Migrating to CreateUserCampaigns (6)
I, [2010-07-18T17:12:28.367578 #14024]  INFO -- : Migrating to CreateUserCampaigns (6)
I, [2010-07-18T17:12:29.322645 #14024]  INFO -- : Migrating to CreateUserGameProfiles (5)
I, [2010-07-18T17:12:29.336985 #14024]  INFO -- : Migrating to CreateFbUsers (4)
I, [2010-07-18T17:12:32.474088 #14027]  INFO -- : Migrating to CreateGames (1)
I, [2010-07-18T17:12:32.474191 #14027]  INFO -- : Migrating to CreateRanks (2)
I, [2010-07-18T17:12:32.474232 #14027]  INFO -- : Migrating to CreateCampaigns (3)
I, [2010-07-18T17:12:32.474270 #14027]  INFO -- : Migrating to CreateFbUsers (4)
I, [2010-07-18T17:12:32.733127 #14027]  INFO -- : Migrating to CreateUserGameProfiles (5)
I, [2010-07-18T17:12:32.745113 #14027]  INFO -- : Migrating to CreateUserCampaigns (6)
I, [2010-07-18T17:15:24.175866 #14112]  INFO -- : Migrating to CreateUserCampaigns (6)
I, [2010-07-18T17:15:24.282734 #14112]  INFO -- : Migrating to CreateUserGameProfiles (5)
I, [2010-07-18T17:15:24.297521 #14112]  INFO -- : Migrating to CreateFbUsers (4)
I, [2010-07-18T17:15:28.198533 #14115]  INFO -- : Migrating to CreateGames (1)
I, [2010-07-18T17:15:28.198638 #14115]  INFO -- : Migrating to CreateRanks (2)
I, [2010-07-18T17:15:28.198678 #14115]  INFO -- : Migrating to CreateCampaigns (3)
I, [2010-07-18T17:15:28.198715 #14115]  INFO -- : Migrating to CreateFbUsers (4)
I, [2010-07-18T17:15:28.399816 #14115]  INFO -- : Migrating to CreateUserGameProfiles (5)
I, [2010-07-18T17:15:28.444122 #14115]  INFO -- : Migrating to CreateUserCampaigns (6)
I, [2010-07-18T19:07:00.854415 #16608]  INFO -- : Migrating to CreateUserCampaigns (6)
I, [2010-07-18T19:07:01.159425 #16608]  INFO -- : Migrating to CreateUserGameProfiles (5)
I, [2010-07-18T19:07:01.183172 #16608]  INFO -- : Migrating to CreateFbUsers (4)
I, [2010-07-18T19:07:05.031406 #16611]  INFO -- : Migrating to CreateGames (1)
I, [2010-07-18T19:07:05.031509 #16611]  INFO -- : Migrating to CreateRanks (2)
I, [2010-07-18T19:07:05.031549 #16611]  INFO -- : Migrating to CreateCampaigns (3)
I, [2010-07-18T19:07:05.031587 #16611]  INFO -- : Migrating to CreateFbUsers (4)
I, [2010-07-18T19:11:24.122158 #16758]  INFO -- : Migrating to CreateGames (1)
I, [2010-07-18T19:11:24.122261 #16758]  INFO -- : Migrating to CreateRanks (2)
I, [2010-07-18T19:11:24.122302 #16758]  INFO -- : Migrating to CreateCampaigns (3)
I, [2010-07-18T19:11:24.122340 #16758]  INFO -- : Migrating to CreateFbUsers (4)
I, [2010-07-18T19:11:35.529315 #16763]  INFO -- : Migrating to CreateGames (1)
I, [2010-07-18T19:11:35.529417 #16763]  INFO -- : Migrating to CreateRanks (2)
I, [2010-07-18T19:11:35.529458 #16763]  INFO -- : Migrating to CreateCampaigns (3)
I, [2010-07-18T19:11:35.529495 #16763]  INFO -- : Migrating to CreateFbUsers (4)
D, [2010-07-18T19:11:35.549452 #16763] DEBUG -- : SQLite3::SQLException: near "CONSTRAINT": syntax error: ALTER TABLE fb_users
             ADD CONSTRAINT pk_unique
             UNIQUE (id)
I, [2010-07-18T19:12:05.448743 #16769]  INFO -- : Migrating to CreateGames (1)
I, [2010-07-18T19:12:05.448854 #16769]  INFO -- : Migrating to CreateRanks (2)
I, [2010-07-18T19:12:05.448895 #16769]  INFO -- : Migrating to CreateCampaigns (3)
I, [2010-07-18T19:12:05.448932 #16769]  INFO -- : Migrating to CreateFbUsers (4)
D, [2010-07-18T19:12:05.468817 #16769] DEBUG -- : SQLite3::SQLException: near "CONSTRAINT": syntax error: ALTER TABLE fb_users
             ADD CONSTRAINT pk_unique
             UNIQUE (id)
I, [2010-07-18T19:12:23.681173 #16776]  INFO -- : Migrating to CreateGames (1)
I, [2010-07-18T19:12:23.681278 #16776]  INFO -- : Migrating to CreateRanks (2)
I, [2010-07-18T19:12:23.681319 #16776]  INFO -- : Migrating to CreateCampaigns (3)
I, [2010-07-18T19:12:23.681357 #16776]  INFO -- : Migrating to CreateFbUsers (4)
D, [2010-07-18T19:12:23.726287 #16776] DEBUG -- : SQLite3::SQLException: near "CONSTRAINT": syntax error: ALTER TABLE fb_users
             ADD CONSTRAINT UNIQUE (id)
I, [2010-07-18T19:12:54.477898 #16786]  INFO -- : Migrating to CreateGames (1)
I, [2010-07-18T19:12:54.478000 #16786]  INFO -- : Migrating to CreateRanks (2)
I, [2010-07-18T19:12:54.478040 #16786]  INFO -- : Migrating to CreateCampaigns (3)
I, [2010-07-18T19:12:54.478077 #16786]  INFO -- : Migrating to CreateFbUsers (4)
D, [2010-07-18T19:12:54.498493 #16786] DEBUG -- : SQLite3::SQLException: near "UNIQUE": syntax error: ALTER TABLE fb_users UNIQUE (id)
I, [2010-07-18T19:14:42.092458 #16793]  INFO -- : Migrating to CreateGames (1)
I, [2010-07-18T19:14:42.092561 #16793]  INFO -- : Migrating to CreateRanks (2)
I, [2010-07-18T19:14:42.092602 #16793]  INFO -- : Migrating to CreateCampaigns (3)
I, [2010-07-18T19:14:42.092640 #16793]  INFO -- : Migrating to CreateFbUsers (4)
D, [2010-07-18T19:14:42.112306 #16793] DEBUG -- : SQLite3::SQLException: Cannot add a PRIMARY KEY column: ALTER TABLE fb_users 
             ADD COLUMN id varchar(255) PRIMARY KEY UNIQUE
I, [2010-07-18T19:17:35.036866 #16909]  INFO -- : Migrating to CreateGames (1)
I, [2010-07-18T19:17:35.036982 #16909]  INFO -- : Migrating to CreateRanks (2)
I, [2010-07-18T19:17:35.037023 #16909]  INFO -- : Migrating to CreateCampaigns (3)
I, [2010-07-18T19:17:35.037060 #16909]  INFO -- : Migrating to CreateFbUsers (4)
I, [2010-07-18T19:17:35.287321 #16909]  INFO -- : Migrating to CreateUserGameProfiles (5)
I, [2010-07-18T19:17:35.299136 #16909]  INFO -- : Migrating to CreateUserCampaigns (6)
I, [2010-07-18T19:22:16.103878 #17083]  INFO -- : Migrating to CreateUserCampaigns (6)
I, [2010-07-18T19:22:16.348265 #17083]  INFO -- : Migrating to CreateUserGameProfiles (5)
I, [2010-07-18T19:22:16.361841 #17083]  INFO -- : Migrating to CreateFbUsers (4)
I, [2010-07-18T19:22:20.176764 #17086]  INFO -- : Migrating to CreateGames (1)
I, [2010-07-18T19:22:20.176866 #17086]  INFO -- : Migrating to CreateRanks (2)
I, [2010-07-18T19:22:20.176906 #17086]  INFO -- : Migrating to CreateCampaigns (3)
I, [2010-07-18T19:22:20.176943 #17086]  INFO -- : Migrating to CreateFbUsers (4)
D, [2010-07-18T19:22:20.195653 #17086] DEBUG -- : SQLite3::SQLException: near "PRIMARY": syntax error: ALTER TABLE fb_users ADD PRIMARY KEY (id)
I, [2010-07-18T19:25:15.932211 #17150]  INFO -- : Migrating to CreateGames (1)
I, [2010-07-18T19:25:15.932313 #17150]  INFO -- : Migrating to CreateRanks (2)
I, [2010-07-18T19:25:15.932353 #17150]  INFO -- : Migrating to CreateCampaigns (3)
I, [2010-07-18T19:25:15.932390 #17150]  INFO -- : Migrating to CreateFbUsers (4)
I, [2010-07-18T19:25:31.415095 #17156]  INFO -- : Migrating to CreateGames (1)
I, [2010-07-18T19:25:31.415198 #17156]  INFO -- : Migrating to CreateRanks (2)
I, [2010-07-18T19:25:31.415239 #17156]  INFO -- : Migrating to CreateCampaigns (3)
I, [2010-07-18T19:25:31.415276 #17156]  INFO -- : Migrating to CreateFbUsers (4)
I, [2010-07-18T19:26:00.831536 #17166]  INFO -- : Migrating to CreateGames (1)
I, [2010-07-18T19:26:00.831640 #17166]  INFO -- : Migrating to CreateRanks (2)
I, [2010-07-18T19:26:00.831680 #17166]  INFO -- : Migrating to CreateCampaigns (3)
I, [2010-07-18T19:26:00.831717 #17166]  INFO -- : Migrating to CreateFbUsers (4)
I, [2010-07-18T19:26:01.113942 #17166]  INFO -- : Migrating to CreateUserGameProfiles (5)
I, [2010-07-18T19:26:01.125708 #17166]  INFO -- : Migrating to CreateUserCampaigns (6)
I, [2010-07-18T19:30:11.454888 #17304]  INFO -- : Migrating to CreateUserCampaigns (6)
I, [2010-07-18T19:30:11.605647 #17304]  INFO -- : Migrating to CreateUserGameProfiles (5)
I, [2010-07-18T19:30:11.617646 #17304]  INFO -- : Migrating to CreateFbUsers (4)
I, [2010-07-18T19:30:15.260722 #17307]  INFO -- : Migrating to CreateGames (1)
I, [2010-07-18T19:30:15.260824 #17307]  INFO -- : Migrating to CreateRanks (2)
I, [2010-07-18T19:30:15.260865 #17307]  INFO -- : Migrating to CreateCampaigns (3)
I, [2010-07-18T19:30:15.260903 #17307]  INFO -- : Migrating to CreateFbUsers (4)
I, [2010-07-18T19:31:47.233485 #17314]  INFO -- : Migrating to CreateGames (1)
I, [2010-07-18T19:31:47.233587 #17314]  INFO -- : Migrating to CreateRanks (2)
I, [2010-07-18T19:31:47.233628 #17314]  INFO -- : Migrating to CreateCampaigns (3)
I, [2010-07-18T19:31:47.233665 #17314]  INFO -- : Migrating to CreateFbUsers (4)
I, [2010-07-18T19:32:03.034970 #17318]  INFO -- : Migrating to CreateGames (1)
I, [2010-07-18T19:32:03.035091 #17318]  INFO -- : Migrating to CreateRanks (2)
I, [2010-07-18T19:32:03.035350 #17318]  INFO -- : Migrating to CreateCampaigns (3)
I, [2010-07-18T19:32:03.035392 #17318]  INFO -- : Migrating to CreateFbUsers (4)
I, [2010-07-18T19:33:47.993857 #17326]  INFO -- : Migrating to CreateGames (1)
I, [2010-07-18T19:33:47.993959 #17326]  INFO -- : Migrating to CreateRanks (2)
I, [2010-07-18T19:33:47.993999 #17326]  INFO -- : Migrating to CreateCampaigns (3)
I, [2010-07-18T19:33:47.994037 #17326]  INFO -- : Migrating to CreateFbUsers (4)
D, [2010-07-18T19:33:48.013241 #17326] DEBUG -- : SQLite3::SQLException: near "UNIQUE": syntax error: ALTER TABLE fb_users ADD UNIQUE (id)
I, [2010-07-18T19:37:53.560710 #17394]  INFO -- : Migrating to CreateGames (1)
I, [2010-07-18T19:37:53.560812 #17394]  INFO -- : Migrating to CreateRanks (2)
I, [2010-07-18T19:37:53.560852 #17394]  INFO -- : Migrating to CreateCampaigns (3)
I, [2010-07-18T19:37:53.560890 #17394]  INFO -- : Migrating to CreateFbUsers (4)
I, [2010-07-18T19:37:53.673482 #17394]  INFO -- : Migrating to CreateUserGameProfiles (5)
I, [2010-07-18T19:37:53.686155 #17394]  INFO -- : Migrating to CreateUserCampaigns (6)
I, [2010-07-18T19:40:28.339933 #17549]  INFO -- : Migrating to CreateUserCampaigns (6)
I, [2010-07-18T19:40:28.628495 #17549]  INFO -- : Migrating to CreateUserGameProfiles (5)
I, [2010-07-18T19:40:28.645203 #17549]  INFO -- : Migrating to CreateFbUsers (4)
I, [2010-07-18T19:40:32.762948 #17552]  INFO -- : Migrating to CreateGames (1)
I, [2010-07-18T19:40:32.763053 #17552]  INFO -- : Migrating to CreateRanks (2)
I, [2010-07-18T19:40:32.763093 #17552]  INFO -- : Migrating to CreateCampaigns (3)
I, [2010-07-18T19:40:32.763130 #17552]  INFO -- : Migrating to CreateFbUsers (4)
I, [2010-07-18T19:40:33.065545 #17552]  INFO -- : Migrating to CreateUserGameProfiles (5)
I, [2010-07-18T19:40:33.077784 #17552]  INFO -- : Migrating to CreateUserCampaigns (6)
I, [2010-07-19T06:53:58.488488 #32448]  INFO -- : Migrating to CreateUserCampaigns (6)
I, [2010-07-19T06:53:58.582682 #32448]  INFO -- : Migrating to CreateUserGameProfiles (5)
I, [2010-07-19T06:53:58.590230 #32448]  INFO -- : Migrating to CreateFbUsers (4)
I, [2010-07-19T06:54:04.393105 #32451]  INFO -- : Migrating to CreateGames (1)
I, [2010-07-19T06:54:04.393215 #32451]  INFO -- : Migrating to CreateRanks (2)
I, [2010-07-19T06:54:04.393254 #32451]  INFO -- : Migrating to CreateCampaigns (3)
I, [2010-07-19T06:54:04.393292 #32451]  INFO -- : Migrating to CreateFbUsers (4)
I, [2010-07-19T06:54:04.418551 #32451]  INFO -- : Migrating to CreateUserGameProfiles (5)
I, [2010-07-19T06:54:04.426192 #32451]  INFO -- : Migrating to CreateUserCampaigns (6)
I, [2010-07-19T09:20:33.921511 #4957]  INFO -- : Migrating to CreateUserCampaigns (6)
I, [2010-07-19T09:20:43.811890 #4969]  INFO -- : Migrating to CreateGames (1)
I, [2010-07-19T09:20:43.812033 #4969]  INFO -- : Migrating to CreateRanks (2)
I, [2010-07-19T09:20:43.812075 #4969]  INFO -- : Migrating to CreateCampaigns (3)
I, [2010-07-19T09:20:43.812113 #4969]  INFO -- : Migrating to CreateFbUsers (4)
I, [2010-07-19T09:20:43.812151 #4969]  INFO -- : Migrating to CreateUserGameProfiles (5)
I, [2010-07-19T09:20:43.812187 #4969]  INFO -- : Migrating to CreateUserCampaigns (6)
I, [2010-07-19T09:23:07.102497 #4999]  INFO -- : Migrating to CreateUserCampaigns (6)
I, [2010-07-19T09:23:14.527763 #5004]  INFO -- : Migrating to CreateGames (1)
I, [2010-07-19T09:23:14.536252 #5004]  INFO -- : Migrating to CreateRanks (2)
I, [2010-07-19T09:23:14.536301 #5004]  INFO -- : Migrating to CreateCampaigns (3)
I, [2010-07-19T09:23:14.536341 #5004]  INFO -- : Migrating to CreateFbUsers (4)
I, [2010-07-19T09:23:14.536544 #5004]  INFO -- : Migrating to CreateUserGameProfiles (5)
I, [2010-07-19T09:23:14.536586 #5004]  INFO -- : Migrating to CreateUserCampaigns (6)
I, [2010-07-19T09:23:41.308828 #5013]  INFO -- : Migrating to CreateUserCampaigns (6)
I, [2010-07-19T09:23:41.333259 #5013]  INFO -- : Migrating to CreateUserGameProfiles (5)
I, [2010-07-19T09:23:41.341648 #5013]  INFO -- : Migrating to CreateFbUsers (4)
I, [2010-07-19T09:23:45.995849 #5016]  INFO -- : Migrating to CreateGames (1)
I, [2010-07-19T09:23:45.996011 #5016]  INFO -- : Migrating to CreateRanks (2)
I, [2010-07-19T09:23:45.996053 #5016]  INFO -- : Migrating to CreateCampaigns (3)
I, [2010-07-19T09:23:45.996092 #5016]  INFO -- : Migrating to CreateFbUsers (4)
I, [2010-07-19T09:23:46.372104 #5016]  INFO -- : Migrating to CreateUserGameProfiles (5)
I, [2010-07-19T09:23:46.410053 #5016]  INFO -- : Migrating to CreateUserCampaigns (6)
I, [2010-07-19T09:24:32.420933 #5029]  INFO -- : Migrating to CreateUserCampaigns (6)
I, [2010-07-19T09:24:32.457141 #5029]  INFO -- : Migrating to CreateUserGameProfiles (5)
I, [2010-07-19T09:24:32.465899 #5029]  INFO -- : Migrating to CreateFbUsers (4)
I, [2010-07-19T09:24:36.567196 #5032]  INFO -- : Migrating to CreateGames (1)
I, [2010-07-19T09:24:36.567299 #5032]  INFO -- : Migrating to CreateRanks (2)
I, [2010-07-19T09:24:36.567340 #5032]  INFO -- : Migrating to CreateCampaigns (3)
I, [2010-07-19T09:24:36.567378 #5032]  INFO -- : Migrating to CreateFbUsers (4)
I, [2010-07-19T09:24:36.591304 #5032]  INFO -- : Migrating to CreateUserGameProfiles (5)
I, [2010-07-19T09:24:36.610853 #5032]  INFO -- : Migrating to CreateUserCampaigns (6)
I, [2010-07-19T09:27:10.157512 #5119]  INFO -- : Migrating to CreateUserCampaigns (6)
I, [2010-07-19T09:27:10.176098 #5119]  INFO -- : Migrating to CreateUserGameProfiles (5)
I, [2010-07-19T09:27:10.183141 #5119]  INFO -- : Migrating to CreateFbUsers (4)
I, [2010-07-19T09:27:13.420782 #5122]  INFO -- : Migrating to CreateGames (1)
I, [2010-07-19T09:27:13.420886 #5122]  INFO -- : Migrating to CreateRanks (2)
I, [2010-07-19T09:27:13.420926 #5122]  INFO -- : Migrating to CreateCampaigns (3)
I, [2010-07-19T09:27:13.420963 #5122]  INFO -- : Migrating to CreateFbUsers (4)
I, [2010-07-19T09:27:13.443610 #5122]  INFO -- : Migrating to CreateUserGameProfiles (5)
I, [2010-07-19T09:27:13.458003 #5122]  INFO -- : Migrating to CreateUserCampaigns (6)
I, [2010-07-19T09:27:39.010144 #5137]  INFO -- : Migrating to CreateUserCampaigns (6)
I, [2010-07-19T09:27:39.234578 #5137]  INFO -- : Migrating to CreateUserGameProfiles (5)
I, [2010-07-19T09:27:39.246741 #5137]  INFO -- : Migrating to CreateFbUsers (4)
I, [2010-07-19T09:27:42.368438 #5140]  INFO -- : Migrating to CreateGames (1)
I, [2010-07-19T09:27:42.368542 #5140]  INFO -- : Migrating to CreateRanks (2)
I, [2010-07-19T09:27:42.368582 #5140]  INFO -- : Migrating to CreateCampaigns (3)
I, [2010-07-19T09:27:42.368619 #5140]  INFO -- : Migrating to CreateFbUsers (4)
I, [2010-07-19T09:27:42.594003 #5140]  INFO -- : Migrating to CreateUserGameProfiles (5)
I, [2010-07-19T09:27:42.674539 #5140]  INFO -- : Migrating to CreateUserCampaigns (6)
I, [2010-07-19T09:27:57.591184 #5150]  INFO -- : Migrating to CreateUserCampaigns (6)
I, [2010-07-19T09:27:57.768705 #5150]  INFO -- : Migrating to CreateUserGameProfiles (5)
I, [2010-07-19T09:27:57.781154 #5150]  INFO -- : Migrating to CreateFbUsers (4)
I, [2010-07-19T09:28:00.646393 #5153]  INFO -- : Migrating to CreateGames (1)
I, [2010-07-19T09:28:00.646500 #5153]  INFO -- : Migrating to CreateRanks (2)
I, [2010-07-19T09:28:00.646540 #5153]  INFO -- : Migrating to CreateCampaigns (3)
I, [2010-07-19T09:28:00.646578 #5153]  INFO -- : Migrating to CreateFbUsers (4)
I, [2010-07-19T09:28:00.671280 #5153]  INFO -- : Migrating to CreateUserGameProfiles (5)
I, [2010-07-19T09:28:00.679796 #5153]  INFO -- : Migrating to CreateUserCampaigns (6)
I, [2010-07-19T09:28:49.680529 #5167]  INFO -- : Migrating to CreateUserCampaigns (6)
I, [2010-07-19T09:28:49.704600 #5167]  INFO -- : Migrating to CreateUserGameProfiles (5)
I, [2010-07-19T09:28:49.711472 #5167]  INFO -- : Migrating to CreateFbUsers (4)
I, [2010-07-19T09:28:53.594636 #5174]  INFO -- : Migrating to CreateGames (1)
I, [2010-07-19T09:28:53.594738 #5174]  INFO -- : Migrating to CreateRanks (2)
I, [2010-07-19T09:28:53.594778 #5174]  INFO -- : Migrating to CreateCampaigns (3)
I, [2010-07-19T09:28:53.594816 #5174]  INFO -- : Migrating to CreateFbUsers (4)
I, [2010-07-19T09:28:53.897232 #5174]  INFO -- : Migrating to CreateUserGameProfiles (5)
I, [2010-07-19T09:28:54.325520 #5174]  INFO -- : Migrating to CreateUserCampaigns (6)
I, [2010-07-19T09:29:58.028414 #5190]  INFO -- : Migrating to CreateUserCampaigns (6)
I, [2010-07-19T09:29:58.265424 #5190]  INFO -- : Migrating to CreateUserGameProfiles (5)
I, [2010-07-19T09:29:58.285747 #5190]  INFO -- : Migrating to CreateFbUsers (4)
I, [2010-07-19T09:30:01.833577 #5193]  INFO -- : Migrating to CreateGames (1)
I, [2010-07-19T09:30:01.833681 #5193]  INFO -- : Migrating to CreateRanks (2)
I, [2010-07-19T09:30:01.833722 #5193]  INFO -- : Migrating to CreateCampaigns (3)
I, [2010-07-19T09:30:01.833759 #5193]  INFO -- : Migrating to CreateFbUsers (4)
I, [2010-07-19T09:30:01.877520 #5193]  INFO -- : Migrating to CreateUserGameProfiles (5)
I, [2010-07-19T09:30:01.886910 #5193]  INFO -- : Migrating to CreateUserCampaigns (6)
I, [2010-07-19T09:30:33.410222 #5325]  INFO -- : Migrating to CreateUserCampaigns (6)
I, [2010-07-19T09:30:33.681324 #5325]  INFO -- : Migrating to CreateUserGameProfiles (5)
I, [2010-07-19T09:30:33.694478 #5325]  INFO -- : Migrating to CreateFbUsers (4)
I, [2010-07-19T09:30:37.055591 #5328]  INFO -- : Migrating to CreateGames (1)
I, [2010-07-19T09:30:37.055696 #5328]  INFO -- : Migrating to CreateRanks (2)
I, [2010-07-19T09:30:37.055736 #5328]  INFO -- : Migrating to CreateCampaigns (3)
I, [2010-07-19T09:30:37.055773 #5328]  INFO -- : Migrating to CreateFbUsers (4)
I, [2010-07-19T09:30:37.321406 #5328]  INFO -- : Migrating to CreateUserGameProfiles (5)
I, [2010-07-19T09:30:37.407094 #5328]  INFO -- : Migrating to CreateUserCampaigns (6)
I, [2010-07-19T09:34:51.407223 #5379]  INFO -- : Migrating to CreateUserCampaigns (6)
I, [2010-07-19T09:34:51.426932 #5379]  INFO -- : Migrating to CreateUserGameProfiles (5)
I, [2010-07-19T09:34:51.437135 #5379]  INFO -- : Migrating to CreateFbUsers (4)
I, [2010-07-19T09:35:02.388494 #5385]  INFO -- : Migrating to CreateGames (1)
I, [2010-07-19T09:35:02.388602 #5385]  INFO -- : Migrating to CreateRanks (2)
I, [2010-07-19T09:35:02.388642 #5385]  INFO -- : Migrating to CreateCampaigns (3)
I, [2010-07-19T09:35:02.388680 #5385]  INFO -- : Migrating to CreateFbUsers (4)
I, [2010-07-19T09:35:02.408483 #5385]  INFO -- : Migrating to CreateUserGameProfiles (5)
D, [2010-07-19T09:35:02.417316 #5385] DEBUG -- : SQLite3::SQLException: no such table: main.user_profiles: CREATE  INDEX "index_user_profiles_on_user_id" ON "user_profiles" ("user_id")
I, [2010-07-19T09:35:30.214848 #5478]  INFO -- : Migrating to CreateFbUsers (4)
I, [2010-07-19T09:35:34.174855 #5484]  INFO -- : Migrating to CreateGames (1)
I, [2010-07-19T09:35:34.174962 #5484]  INFO -- : Migrating to CreateRanks (2)
I, [2010-07-19T09:35:34.175003 #5484]  INFO -- : Migrating to CreateCampaigns (3)
I, [2010-07-19T09:35:34.175041 #5484]  INFO -- : Migrating to CreateFbUsers (4)
I, [2010-07-19T09:35:34.196050 #5484]  INFO -- : Migrating to CreateUserGameProfiles (5)
I, [2010-07-19T09:35:34.211384 #5484]  INFO -- : Migrating to CreateUserCampaigns (6)
I, [2010-07-19T10:32:25.502712 #7071]  INFO -- : Migrating to CreateUserCampaigns (6)
I, [2010-07-19T10:32:25.549913 #7071]  INFO -- : Migrating to CreateUserGameProfiles (5)
I, [2010-07-19T10:32:25.578039 #7071]  INFO -- : Migrating to CreateFbUsers (4)
I, [2010-07-19T10:32:29.570930 #7074]  INFO -- : Migrating to CreateGames (1)
I, [2010-07-19T10:32:29.571034 #7074]  INFO -- : Migrating to CreateRanks (2)
I, [2010-07-19T10:32:29.571074 #7074]  INFO -- : Migrating to CreateCampaigns (3)
I, [2010-07-19T10:32:29.571112 #7074]  INFO -- : Migrating to CreateFbUsers (4)
I, [2010-07-19T10:32:29.602145 #7074]  INFO -- : Migrating to CreateUserGameProfiles (5)
I, [2010-07-19T10:32:29.612949 #7074]  INFO -- : Migrating to CreateUserCampaigns (6)
I, [2010-07-19T10:52:28.991369 #7493]  INFO -- : Migrating to CreateUserCampaigns (6)
I, [2010-07-19T10:52:30.163887 #7493]  INFO -- : Migrating to CreateUserGameProfiles (5)
I, [2010-07-19T10:52:30.353593 #7493]  INFO -- : Migrating to CreateFbUsers (4)
I, [2010-07-19T10:52:40.528321 #7497]  INFO -- : Migrating to CreateGames (1)
I, [2010-07-19T10:52:40.528422 #7497]  INFO -- : Migrating to CreateRanks (2)
I, [2010-07-19T10:52:40.528462 #7497]  INFO -- : Migrating to CreateCampaigns (3)
I, [2010-07-19T10:52:40.528501 #7497]  INFO -- : Migrating to CreateFbUsers (4)
I, [2010-07-19T10:52:40.606077 #7497]  INFO -- : Migrating to CreateUserGameProfiles (5)
I, [2010-07-19T10:52:40.632189 #7497]  INFO -- : Migrating to CreateUserCampaigns (6)
I, [2010-07-19T16:07:16.271981 #6559]  INFO -- : Migrating to CreateUserCampaigns (6)
I, [2010-07-19T16:07:16.689416 #6559]  INFO -- : Migrating to CreateUserGameProfiles (5)
I, [2010-07-19T16:07:16.800052 #6559]  INFO -- : Migrating to CreateFbUsers (4)
I, [2010-07-19T16:07:40.374629 #6565]  INFO -- : Migrating to CreateFbUsers (4)
I, [2010-07-19T16:07:40.516634 #6565]  INFO -- : Migrating to CreateCampaigns (3)
I, [2010-07-19T16:07:40.531182 #6565]  INFO -- : Migrating to CreateRanks (2)
I, [2010-07-19T16:07:40.543337 #6565]  INFO -- : Migrating to CreateGames (1)
I, [2010-07-19T16:07:50.545194 #6568]  INFO -- : Migrating to CreateGames (1)
I, [2010-07-19T16:07:50.658889 #6568]  INFO -- : Migrating to CreateRanks (2)
I, [2010-07-19T16:07:50.715057 #6568]  INFO -- : Migrating to CreateCampaigns (3)
I, [2010-07-19T16:07:50.735642 #6568]  INFO -- : Migrating to CreateFbUsers (4)
I, [2010-07-19T16:07:50.865052 #6568]  INFO -- : Migrating to CreateUserGameProfiles (5)
I, [2010-07-19T16:07:50.914449 #6568]  INFO -- : Migrating to CreateUserCampaigns (6)
I, [2010-07-19T16:10:33.572485 #6755]  INFO -- : Migrating to CreateUserCampaigns (6)
I, [2010-07-19T16:10:33.804839 #6755]  INFO -- : Migrating to CreateUserGameProfiles (5)
I, [2010-07-19T16:10:33.820105 #6755]  INFO -- : Migrating to CreateFbUsers (4)
I, [2010-07-19T16:10:33.850894 #6755]  INFO -- : Migrating to CreateCampaigns (3)
I, [2010-07-19T16:10:33.863717 #6755]  INFO -- : Migrating to CreateRanks (2)
I, [2010-07-19T16:10:33.888209 #6755]  INFO -- : Migrating to CreateGames (1)
I, [2010-07-19T16:15:39.209079 #6851]  INFO -- : Migrating to CreateGames (1)
I, [2010-07-19T16:15:39.232193 #6851]  INFO -- : Migrating to CreateRanks (2)
I, [2010-07-19T16:15:39.241056 #6851]  INFO -- : Migrating to CreateCampaigns (3)
I, [2010-07-19T16:15:39.253286 #6851]  INFO -- : Migrating to CreateFbUsers (4)
I, [2010-07-19T16:15:39.280602 #6851]  INFO -- : Migrating to CreateUserGameProfiles (5)
I, [2010-07-19T16:15:39.308120 #6851]  INFO -- : Migrating to CreateUserCampaigns (6)
I, [2010-07-19T17:23:21.460211 #8739]  INFO -- : Migrating to CreateUserCampaigns (6)
I, [2010-07-19T17:23:22.916909 #8739]  INFO -- : Migrating to CreateUserGameProfiles (5)
I, [2010-07-19T17:23:23.050910 #8739]  INFO -- : Migrating to CreateFbUsers (4)
I, [2010-07-19T17:23:23.091936 #8739]  INFO -- : Migrating to CreateCampaigns (3)
I, [2010-07-19T17:23:23.120938 #8739]  INFO -- : Migrating to CreateRanks (2)
I, [2010-07-19T17:23:23.159821 #8739]  INFO -- : Migrating to CreateGames (1)
I, [2010-07-19T17:23:30.717349 #8743]  INFO -- : Migrating to CreateGames (1)
I, [2010-07-19T17:23:30.772554 #8743]  INFO -- : Migrating to CreateRanks (2)
I, [2010-07-19T17:23:30.787546 #8743]  INFO -- : Migrating to CreateCampaigns (3)
I, [2010-07-19T17:23:30.798098 #8743]  INFO -- : Migrating to CreateFbUsers (4)
I, [2010-07-19T17:23:30.833177 #8743]  INFO -- : Migrating to CreateUserGameProfiles (5)
I, [2010-07-19T17:23:30.872850 #8743]  INFO -- : Migrating to CreateUserCampaigns (6)
I, [2010-07-22T07:20:08.797391 #17445]  INFO -- : Migrating to CreateUserCampaigns (6)
I, [2010-07-22T07:20:17.066231 #17448]  INFO -- : Migrating to CreateGames (1)
I, [2010-07-22T07:20:17.066334 #17448]  INFO -- : Migrating to CreateRanks (2)
I, [2010-07-22T07:20:17.066375 #17448]  INFO -- : Migrating to CreateCampaigns (3)
I, [2010-07-22T07:20:17.066413 #17448]  INFO -- : Migrating to CreateFbUsers (4)
I, [2010-07-22T07:20:17.066449 #17448]  INFO -- : Migrating to CreateUserGameProfiles (5)
I, [2010-07-22T07:20:17.066486 #17448]  INFO -- : Migrating to CreateUserCampaigns (6)
I, [2010-07-25T14:59:20.771205 #5879]  INFO -- : Migrating to CreateGames (1)
I, [2010-07-25T14:59:20.771371 #5879]  INFO -- : Migrating to CreateRanks (2)
I, [2010-07-25T14:59:20.771444 #5879]  INFO -- : Migrating to CreateCampaigns (3)
I, [2010-07-25T14:59:20.771513 #5879]  INFO -- : Migrating to CreateFbUsers (4)
I, [2010-07-25T14:59:20.946108 #5879]  INFO -- : Migrating to CreateUserGameProfiles (5)
I, [2010-07-25T14:59:20.988644 #5879]  INFO -- : Migrating to CreateUserCampaigns (6)
I, [2010-07-25T14:59:29.630008 #5882]  INFO -- : Migrating to CreateGames (1)
I, [2010-07-25T14:59:29.712687 #5882]  INFO -- : Migrating to CreateRanks (2)
I, [2010-07-25T14:59:29.750276 #5882]  INFO -- : Migrating to CreateCampaigns (3)
I, [2010-07-25T14:59:29.770927 #5882]  INFO -- : Migrating to CreateFbUsers (4)
I, [2010-07-25T14:59:29.823948 #5882]  INFO -- : Migrating to CreateUserGameProfiles (5)
I, [2010-07-25T14:59:29.835444 #5882]  INFO -- : Migrating to CreateUserCampaigns (6)
I, [2010-07-25T14:59:50.005603 #5884]  INFO -- : Migrating to CreateUserCampaigns (6)
I, [2010-07-25T14:59:50.040456 #5884]  INFO -- : Migrating to CreateUserGameProfiles (5)
I, [2010-07-25T14:59:50.055031 #5884]  INFO -- : Migrating to CreateFbUsers (4)
I, [2010-07-25T14:59:50.065300 #5884]  INFO -- : Migrating to CreateCampaigns (3)
I, [2010-07-25T14:59:50.074639 #5884]  INFO -- : Migrating to CreateRanks (2)
I, [2010-07-25T14:59:50.085012 #5884]  INFO -- : Migrating to CreateGames (1)
I, [2010-07-25T14:59:59.442651 #5887]  INFO -- : Migrating to CreateGames (1)
I, [2010-07-25T14:59:59.474979 #5887]  INFO -- : Migrating to CreateRanks (2)
I, [2010-07-25T14:59:59.483792 #5887]  INFO -- : Migrating to CreateCampaigns (3)
I, [2010-07-25T14:59:59.492012 #5887]  INFO -- : Migrating to CreateFbUsers (4)
I, [2010-07-25T14:59:59.519737 #5887]  INFO -- : Migrating to CreateUserGameProfiles (5)
I, [2010-07-25T14:59:59.528046 #5887]  INFO -- : Migrating to CreateUserCampaigns (6)
